<?xml version="1.0" encoding="UTF-8"?>
<!-- Generated by org.testng.reporters.JUnitXMLReporter -->
<testsuite ignored="0" hostname="SalmanS" failures="2" tests="11" name="Resident Admin Sanity Test" time="239.486" errors="0" timestamp="2022-04-28T13:41:37 IST">
  <testcase classname="MainClass.ResidentUserRegressionTest" name="dashboard_Test" time="29.718">
    <failure type="org.openqa.selenium.ElementClickInterceptedException" message="element click intercepted: Element &amp;lt;a _ngcontent-mcx-c13=&amp;quot;&amp;quot; href=&amp;quot;/resident-companies/159/invoicing&amp;quot; routerlinkactive=&amp;quot;active&amp;quot; class=&amp;quot;nav-link font-weight-bold&amp;quot;&amp;gt;...&amp;lt;/a&amp;gt; is not clickable at point (325, 126). Other element would receive the click: &amp;lt;div _ngcontent-mcx-c14=&amp;quot;&amp;quot; class=&amp;quot;ngx-spinner-overlay ng-tns-c14-0 ng-trigger ng-trigger-fadeIn ng-star-inserted&amp;quot; style=&amp;quot;background-color: rgba(51, 51, 51, 0.8); z-index: 99999; position: fixed; opacity: 1;&amp;quot;&amp;gt;...&amp;lt;/div&amp;gt;
  (Session info: chrome=100.0.4896.127)
Build info: version: &amp;apos;3.141.59&amp;apos;, revision: &amp;apos;e82be7d358&amp;apos;, time: &amp;apos;2018-11-14T08:17:03&amp;apos;
System info: host: &amp;apos;SALMANS&amp;apos;, ip: &amp;apos;192.168.100.110&amp;apos;, os.name: &amp;apos;Windows 10&amp;apos;, os.arch: &amp;apos;amd64&amp;apos;, os.version: &amp;apos;10.0&amp;apos;, java.version: &amp;apos;16.0.2&amp;apos;
Driver info: org.openqa.selenium.chrome.ChromeDriver
Capabilities {acceptInsecureCerts: false, browserName: chrome, browserVersion: 100.0.4896.127, chrome: {chromedriverVersion: 100.0.4896.60 (6a5d10861ce8..., userDataDir: C:\Users\SALMAN~1.SHA\AppDa...}, goog:chromeOptions: {debuggerAddress: localhost:55684}, javascriptEnabled: true, networkConnectionEnabled: false, pageLoadStrategy: normal, platform: WINDOWS, platformName: WINDOWS, proxy: Proxy(), setWindowRect: true, strictFileInteractability: false, timeouts: {implicit: 0, pageLoad: 300000, script: 30000}, unhandledPromptBehavior: dismiss and notify, webauthn:extension:credBlob: true, webauthn:extension:largeBlob: true, webauthn:virtualAuthenticators: true}
Session ID: 5ada15d0022161087cee83590630d0a7">
      <![CDATA[org.openqa.selenium.ElementClickInterceptedException: element click intercepted: Element <a _ngcontent-mcx-c13="" href="/resident-companies/159/invoicing" routerlinkactive="active" class="nav-link font-weight-bold">...</a> is not clickable at point (325, 126). Other element would receive the click: <div _ngcontent-mcx-c14="" class="ngx-spinner-overlay ng-tns-c14-0 ng-trigger ng-trigger-fadeIn ng-star-inserted" style="background-color: rgba(51, 51, 51, 0.8); z-index: 99999; position: fixed; opacity: 1;">...</div>
  (Session info: chrome=100.0.4896.127)
Build info: version: '3.141.59', revision: 'e82be7d358', time: '2018-11-14T08:17:03'
System info: host: 'SALMANS', ip: '192.168.100.110', os.name: 'Windows 10', os.arch: 'amd64', os.version: '10.0', java.version: '16.0.2'
Driver info: org.openqa.selenium.chrome.ChromeDriver
Capabilities {acceptInsecureCerts: false, browserName: chrome, browserVersion: 100.0.4896.127, chrome: {chromedriverVersion: 100.0.4896.60 (6a5d10861ce8..., userDataDir: C:\Users\SALMAN~1.SHA\AppDa...}, goog:chromeOptions: {debuggerAddress: localhost:55684}, javascriptEnabled: true, networkConnectionEnabled: false, pageLoadStrategy: normal, platform: WINDOWS, platformName: WINDOWS, proxy: Proxy(), setWindowRect: true, strictFileInteractability: false, timeouts: {implicit: 0, pageLoad: 300000, script: 30000}, unhandledPromptBehavior: dismiss and notify, webauthn:extension:credBlob: true, webauthn:extension:largeBlob: true, webauthn:virtualAuthenticators: true}
Session ID: 5ada15d0022161087cee83590630d0a7
at org.openqa.selenium.remote.http.W3CHttpResponseCodec.createException(W3CHttpResponseCodec.java:187)
at org.openqa.selenium.remote.http.W3CHttpResponseCodec.decode(W3CHttpResponseCodec.java:122)
at org.openqa.selenium.remote.http.W3CHttpResponseCodec.decode(W3CHttpResponseCodec.java:49)
at org.openqa.selenium.remote.HttpCommandExecutor.execute(HttpCommandExecutor.java:158)
at org.openqa.selenium.remote.service.DriverCommandExecutor.execute(DriverCommandExecutor.java:83)
at org.openqa.selenium.remote.RemoteWebDriver.execute(RemoteWebDriver.java:552)
at org.openqa.selenium.remote.RemoteWebElement.execute(RemoteWebElement.java:285)
at org.openqa.selenium.remote.RemoteWebElement.click(RemoteWebElement.java:84)
at ResidentUser.BL_TC_01_ResidentUser.dashboard(BL_TC_01_ResidentUser.java:37)
at MainClass.ResidentUserRegressionTest.dashboard_Test(ResidentUserRegressionTest.java:44)
at java.base/java.util.ArrayList.forEach(ArrayList.java:1511)
... Removed 33 stack frames]]>
    </failure>
  </testcase> <!-- dashboard_Test -->
  <testcase classname="MainClass.ResidentUserRegressionTest" name="site_members_Test" time="16.302"/>
  <testcase classname="MainClass.ResidentUserRegressionTest" name="sitestaff_Test" time="8.21"/>
  <testcase classname="MainClass.ResidentUserRegressionTest" name="sitecompanies_Test" time="8.167"/>
  <testcase classname="MainClass.ResidentUserRegressionTest" name="CompanyInformation_Test" time="9.223"/>
  <testcase classname="MainClass.ResidentUserRegressionTest" name="SponsorProfile_Test" time="22.463">
    <failure type="org.openqa.selenium.ElementClickInterceptedException" message="element click intercepted: Element &amp;lt;a _ngcontent-mcx-c109=&amp;quot;&amp;quot; data-toggle=&amp;quot;modal&amp;quot; data-target=&amp;quot;#forwardapplication&amp;quot; class=&amp;quot;btn biolabBtn btnconnect btn-xl disabled&amp;quot;&amp;gt;...&amp;lt;/a&amp;gt; is not clickable at point (930, 511). Other element would receive the click: &amp;lt;div _ngcontent-mcx-c14=&amp;quot;&amp;quot; class=&amp;quot;ngx-spinner-overlay ng-tns-c14-0 ng-trigger ng-trigger-fadeIn ng-star-inserted&amp;quot; style=&amp;quot;background-color: rgba(51, 51, 51, 0.8); z-index: 99999; position: fixed; opacity: 1;&amp;quot;&amp;gt;...&amp;lt;/div&amp;gt;
  (Session info: chrome=100.0.4896.127)
Build info: version: &amp;apos;3.141.59&amp;apos;, revision: &amp;apos;e82be7d358&amp;apos;, time: &amp;apos;2018-11-14T08:17:03&amp;apos;
System info: host: &amp;apos;SALMANS&amp;apos;, ip: &amp;apos;192.168.100.110&amp;apos;, os.name: &amp;apos;Windows 10&amp;apos;, os.arch: &amp;apos;amd64&amp;apos;, os.version: &amp;apos;10.0&amp;apos;, java.version: &amp;apos;16.0.2&amp;apos;
Driver info: org.openqa.selenium.chrome.ChromeDriver
Capabilities {acceptInsecureCerts: false, browserName: chrome, browserVersion: 100.0.4896.127, chrome: {chromedriverVersion: 100.0.4896.60 (6a5d10861ce8..., userDataDir: C:\Users\SALMAN~1.SHA\AppDa...}, goog:chromeOptions: {debuggerAddress: localhost:55684}, javascriptEnabled: true, networkConnectionEnabled: false, pageLoadStrategy: normal, platform: WINDOWS, platformName: WINDOWS, proxy: Proxy(), setWindowRect: true, strictFileInteractability: false, timeouts: {implicit: 0, pageLoad: 300000, script: 30000}, unhandledPromptBehavior: dismiss and notify, webauthn:extension:credBlob: true, webauthn:extension:largeBlob: true, webauthn:virtualAuthenticators: true}
Session ID: 5ada15d0022161087cee83590630d0a7">
      <![CDATA[org.openqa.selenium.ElementClickInterceptedException: element click intercepted: Element <a _ngcontent-mcx-c109="" data-toggle="modal" data-target="#forwardapplication" class="btn biolabBtn btnconnect btn-xl disabled">...</a> is not clickable at point (930, 511). Other element would receive the click: <div _ngcontent-mcx-c14="" class="ngx-spinner-overlay ng-tns-c14-0 ng-trigger ng-trigger-fadeIn ng-star-inserted" style="background-color: rgba(51, 51, 51, 0.8); z-index: 99999; position: fixed; opacity: 1;">...</div>
  (Session info: chrome=100.0.4896.127)
Build info: version: '3.141.59', revision: 'e82be7d358', time: '2018-11-14T08:17:03'
System info: host: 'SALMANS', ip: '192.168.100.110', os.name: 'Windows 10', os.arch: 'amd64', os.version: '10.0', java.version: '16.0.2'
Driver info: org.openqa.selenium.chrome.ChromeDriver
Capabilities {acceptInsecureCerts: false, browserName: chrome, browserVersion: 100.0.4896.127, chrome: {chromedriverVersion: 100.0.4896.60 (6a5d10861ce8..., userDataDir: C:\Users\SALMAN~1.SHA\AppDa...}, goog:chromeOptions: {debuggerAddress: localhost:55684}, javascriptEnabled: true, networkConnectionEnabled: false, pageLoadStrategy: normal, platform: WINDOWS, platformName: WINDOWS, proxy: Proxy(), setWindowRect: true, strictFileInteractability: false, timeouts: {implicit: 0, pageLoad: 300000, script: 30000}, unhandledPromptBehavior: dismiss and notify, webauthn:extension:credBlob: true, webauthn:extension:largeBlob: true, webauthn:virtualAuthenticators: true}
Session ID: 5ada15d0022161087cee83590630d0a7
at org.openqa.selenium.remote.http.W3CHttpResponseCodec.createException(W3CHttpResponseCodec.java:187)
at org.openqa.selenium.remote.http.W3CHttpResponseCodec.decode(W3CHttpResponseCodec.java:122)
at org.openqa.selenium.remote.http.W3CHttpResponseCodec.decode(W3CHttpResponseCodec.java:49)
at org.openqa.selenium.remote.HttpCommandExecutor.execute(HttpCommandExecutor.java:158)
at org.openqa.selenium.remote.service.DriverCommandExecutor.execute(DriverCommandExecutor.java:83)
at org.openqa.selenium.remote.RemoteWebDriver.execute(RemoteWebDriver.java:552)
at org.openqa.selenium.remote.RemoteWebElement.execute(RemoteWebElement.java:285)
at org.openqa.selenium.remote.RemoteWebElement.click(RemoteWebElement.java:84)
at ResidentUser.BL_TC_06_ResidentUser.SponsorProfile(BL_TC_06_ResidentUser.java:53)
at MainClass.ResidentUserRegressionTest.SponsorProfile_Test(ResidentUserRegressionTest.java:74)
at java.base/java.util.ArrayList.forEach(ArrayList.java:1511)
... Removed 33 stack frames]]>
    </failure>
  </testcase> <!-- SponsorProfile_Test -->
  <testcase classname="MainClass.ResidentUserRegressionTest" name="Company_Profile_Test" time="31.533"/>
  <testcase classname="MainClass.ResidentUserRegressionTest" name="invoice_Test" time="12.394"/>
  <testcase classname="MainClass.ResidentUserRegressionTest" name="change_Test" time="4.229"/>
  <testcase classname="MainClass.ResidentUserRegressionTest" name="profile_Test" time="23.202"/>
  <testcase classname="MainClass.ResidentUserRegressionTest" name="companydata_Test" time="7.347"/>
</testsuite> <!-- Resident Admin Sanity Test -->
