<?xml version="1.0" encoding="UTF-8"?>
<!-- Generated by org.testng.reporters.JUnitXMLReporter -->
<testsuite ignored="0" hostname="SalmanS" failures="2" tests="12" name="Resident Admin Sanity Test" time="278.53" errors="0" timestamp="2022-04-28T13:46:15 IST">
  <testcase classname="MainClass.ResidentAdminRegressionTest" name="Resdident_dashboard_Test" time="8.653">
    <failure type="org.openqa.selenium.StaleElementReferenceException" message="stale element reference: element is not attached to the page document
  (Session info: chrome=100.0.4896.127)
For documentation on this error, please visit: https://www.seleniumhq.org/exceptions/stale_element_reference.html
Build info: version: &amp;apos;3.141.59&amp;apos;, revision: &amp;apos;e82be7d358&amp;apos;, time: &amp;apos;2018-11-14T08:17:03&amp;apos;
System info: host: &amp;apos;SALMANS&amp;apos;, ip: &amp;apos;192.168.100.110&amp;apos;, os.name: &amp;apos;Windows 10&amp;apos;, os.arch: &amp;apos;amd64&amp;apos;, os.version: &amp;apos;10.0&amp;apos;, java.version: &amp;apos;16.0.2&amp;apos;
Driver info: org.openqa.selenium.chrome.ChromeDriver
Capabilities {acceptInsecureCerts: false, browserName: chrome, browserVersion: 100.0.4896.127, chrome: {chromedriverVersion: 100.0.4896.60 (6a5d10861ce8..., userDataDir: C:\Users\SALMAN~1.SHA\AppDa...}, goog:chromeOptions: {debuggerAddress: localhost:55684}, javascriptEnabled: true, networkConnectionEnabled: false, pageLoadStrategy: normal, platform: WINDOWS, platformName: WINDOWS, proxy: Proxy(), setWindowRect: true, strictFileInteractability: false, timeouts: {implicit: 0, pageLoad: 300000, script: 30000}, unhandledPromptBehavior: dismiss and notify, webauthn:extension:credBlob: true, webauthn:extension:largeBlob: true, webauthn:virtualAuthenticators: true}
Session ID: 5ada15d0022161087cee83590630d0a7">
      <![CDATA[org.openqa.selenium.StaleElementReferenceException: stale element reference: element is not attached to the page document
  (Session info: chrome=100.0.4896.127)
For documentation on this error, please visit: https://www.seleniumhq.org/exceptions/stale_element_reference.html
Build info: version: '3.141.59', revision: 'e82be7d358', time: '2018-11-14T08:17:03'
System info: host: 'SALMANS', ip: '192.168.100.110', os.name: 'Windows 10', os.arch: 'amd64', os.version: '10.0', java.version: '16.0.2'
Driver info: org.openqa.selenium.chrome.ChromeDriver
Capabilities {acceptInsecureCerts: false, browserName: chrome, browserVersion: 100.0.4896.127, chrome: {chromedriverVersion: 100.0.4896.60 (6a5d10861ce8..., userDataDir: C:\Users\SALMAN~1.SHA\AppDa...}, goog:chromeOptions: {debuggerAddress: localhost:55684}, javascriptEnabled: true, networkConnectionEnabled: false, pageLoadStrategy: normal, platform: WINDOWS, platformName: WINDOWS, proxy: Proxy(), setWindowRect: true, strictFileInteractability: false, timeouts: {implicit: 0, pageLoad: 300000, script: 30000}, unhandledPromptBehavior: dismiss and notify, webauthn:extension:credBlob: true, webauthn:extension:largeBlob: true, webauthn:virtualAuthenticators: true}
Session ID: 5ada15d0022161087cee83590630d0a7
at org.openqa.selenium.remote.http.W3CHttpResponseCodec.createException(W3CHttpResponseCodec.java:187)
at org.openqa.selenium.remote.http.W3CHttpResponseCodec.decode(W3CHttpResponseCodec.java:122)
at org.openqa.selenium.remote.http.W3CHttpResponseCodec.decode(W3CHttpResponseCodec.java:49)
at org.openqa.selenium.remote.HttpCommandExecutor.execute(HttpCommandExecutor.java:158)
at org.openqa.selenium.remote.service.DriverCommandExecutor.execute(DriverCommandExecutor.java:83)
at org.openqa.selenium.remote.RemoteWebDriver.execute(RemoteWebDriver.java:552)
at org.openqa.selenium.remote.RemoteWebElement.execute(RemoteWebElement.java:285)
at org.openqa.selenium.remote.RemoteWebElement.click(RemoteWebElement.java:84)
at ResidentAdmin.BL_TC_01_Resident.Resdident_dashboard(BL_TC_01_Resident.java:21)
at MainClass.ResidentAdminRegressionTest.Resdident_dashboard_Test(ResidentAdminRegressionTest.java:46)
at java.base/java.util.ArrayList.forEach(ArrayList.java:1511)
... Removed 33 stack frames]]>
    </failure>
  </testcase> <!-- Resdident_dashboard_Test -->
  <testcase classname="MainClass.ResidentAdminRegressionTest" name="site_members_Test" time="8.21"/>
  <testcase classname="MainClass.ResidentAdminRegressionTest" name="ResidentStaff_Test" time="8.193"/>
  <testcase classname="MainClass.ResidentAdminRegressionTest" name="sitecompanies_Test" time="8.205"/>
  <testcase classname="MainClass.ResidentAdminRegressionTest" name="CompanyInformation_Test" time="40.661">
    <failure type="org.openqa.selenium.ElementClickInterceptedException" message="element click intercepted: Element &amp;lt;a _ngcontent-jnb-c89=&amp;quot;&amp;quot; data-toggle=&amp;quot;collapse&amp;quot; href=&amp;quot;#collapseOne&amp;quot; aria-expanded=&amp;quot;false&amp;quot; id=&amp;quot;application-accordion&amp;quot; aria-controls=&amp;quot;collapseOne&amp;quot; class=&amp;quot;btn btn-link accordion-label&amp;quot;&amp;gt;...&amp;lt;/a&amp;gt; is not clickable at point (759, 278). Other element would receive the click: &amp;lt;div _ngcontent-jnb-c14=&amp;quot;&amp;quot; class=&amp;quot;ngx-spinner-overlay ng-tns-c14-0 ng-trigger ng-trigger-fadeIn ng-star-inserted ng-animating&amp;quot; style=&amp;quot;background-color: rgba(51, 51, 51, 0.8); z-index: 99999; position: fixed;&amp;quot;&amp;gt;...&amp;lt;/div&amp;gt;
  (Session info: chrome=100.0.4896.127)
Build info: version: &amp;apos;3.141.59&amp;apos;, revision: &amp;apos;e82be7d358&amp;apos;, time: &amp;apos;2018-11-14T08:17:03&amp;apos;
System info: host: &amp;apos;SALMANS&amp;apos;, ip: &amp;apos;192.168.100.110&amp;apos;, os.name: &amp;apos;Windows 10&amp;apos;, os.arch: &amp;apos;amd64&amp;apos;, os.version: &amp;apos;10.0&amp;apos;, java.version: &amp;apos;16.0.2&amp;apos;
Driver info: org.openqa.selenium.chrome.ChromeDriver
Capabilities {acceptInsecureCerts: false, browserName: chrome, browserVersion: 100.0.4896.127, chrome: {chromedriverVersion: 100.0.4896.60 (6a5d10861ce8..., userDataDir: C:\Users\SALMAN~1.SHA\AppDa...}, goog:chromeOptions: {debuggerAddress: localhost:55684}, javascriptEnabled: true, networkConnectionEnabled: false, pageLoadStrategy: normal, platform: WINDOWS, platformName: WINDOWS, proxy: Proxy(), setWindowRect: true, strictFileInteractability: false, timeouts: {implicit: 0, pageLoad: 300000, script: 30000}, unhandledPromptBehavior: dismiss and notify, webauthn:extension:credBlob: true, webauthn:extension:largeBlob: true, webauthn:virtualAuthenticators: true}
Session ID: 5ada15d0022161087cee83590630d0a7">
      <![CDATA[org.openqa.selenium.ElementClickInterceptedException: element click intercepted: Element <a _ngcontent-jnb-c89="" data-toggle="collapse" href="#collapseOne" aria-expanded="false" id="application-accordion" aria-controls="collapseOne" class="btn btn-link accordion-label">...</a> is not clickable at point (759, 278). Other element would receive the click: <div _ngcontent-jnb-c14="" class="ngx-spinner-overlay ng-tns-c14-0 ng-trigger ng-trigger-fadeIn ng-star-inserted ng-animating" style="background-color: rgba(51, 51, 51, 0.8); z-index: 99999; position: fixed;">...</div>
  (Session info: chrome=100.0.4896.127)
Build info: version: '3.141.59', revision: 'e82be7d358', time: '2018-11-14T08:17:03'
System info: host: 'SALMANS', ip: '192.168.100.110', os.name: 'Windows 10', os.arch: 'amd64', os.version: '10.0', java.version: '16.0.2'
Driver info: org.openqa.selenium.chrome.ChromeDriver
Capabilities {acceptInsecureCerts: false, browserName: chrome, browserVersion: 100.0.4896.127, chrome: {chromedriverVersion: 100.0.4896.60 (6a5d10861ce8..., userDataDir: C:\Users\SALMAN~1.SHA\AppDa...}, goog:chromeOptions: {debuggerAddress: localhost:55684}, javascriptEnabled: true, networkConnectionEnabled: false, pageLoadStrategy: normal, platform: WINDOWS, platformName: WINDOWS, proxy: Proxy(), setWindowRect: true, strictFileInteractability: false, timeouts: {implicit: 0, pageLoad: 300000, script: 30000}, unhandledPromptBehavior: dismiss and notify, webauthn:extension:credBlob: true, webauthn:extension:largeBlob: true, webauthn:virtualAuthenticators: true}
Session ID: 5ada15d0022161087cee83590630d0a7
at org.openqa.selenium.remote.http.W3CHttpResponseCodec.createException(W3CHttpResponseCodec.java:187)
at org.openqa.selenium.remote.http.W3CHttpResponseCodec.decode(W3CHttpResponseCodec.java:122)
at org.openqa.selenium.remote.http.W3CHttpResponseCodec.decode(W3CHttpResponseCodec.java:49)
at org.openqa.selenium.remote.HttpCommandExecutor.execute(HttpCommandExecutor.java:158)
at org.openqa.selenium.remote.service.DriverCommandExecutor.execute(DriverCommandExecutor.java:83)
at org.openqa.selenium.remote.RemoteWebDriver.execute(RemoteWebDriver.java:552)
at org.openqa.selenium.remote.RemoteWebElement.execute(RemoteWebElement.java:285)
at org.openqa.selenium.remote.RemoteWebElement.click(RemoteWebElement.java:84)
at ResidentAdmin.BL_TC_05_Resident.CompanyInformation(BL_TC_05_Resident.java:79)
at MainClass.ResidentAdminRegressionTest.CompanyInformation_Test(ResidentAdminRegressionTest.java:71)
at java.base/java.util.ArrayList.forEach(ArrayList.java:1511)
... Removed 33 stack frames]]>
    </failure>
  </testcase> <!-- CompanyInformation_Test -->
  <testcase classname="MainClass.ResidentAdminRegressionTest" name="SponsorProfile_Test" time="6.906"/>
  <testcase classname="MainClass.ResidentAdminRegressionTest" name="company_profile_Test" time="10.35"/>
  <testcase classname="MainClass.ResidentAdminRegressionTest" name="onboarding_Test" time="34.801"/>
  <testcase classname="MainClass.ResidentAdminRegressionTest" name="invoice_Test" time="12.366"/>
  <testcase classname="MainClass.ResidentAdminRegressionTest" name="change_Test" time="53.983"/>
  <testcase classname="MainClass.ResidentAdminRegressionTest" name="profile_" time="23.125"/>
  <testcase classname="MainClass.ResidentAdminRegressionTest" name="onboardinginformation_Test" time="52.393"/>
</testsuite> <!-- Resident Admin Sanity Test -->
