<!DOCTYPE html PUBLIC "-//W3C//DTD XHTML 1.1//EN" "https://www.w3.org/TR/xhtml11/DTD/xhtml11.dtd">
<html xmlns="https://www.w3.org/1999/xhtml">
<head>
<meta http-equiv="content-type" content="text/html; charset=UTF-8"/>
<title>TestNG Report</title>
<style type="text/css">table {margin-bottom:10px;border-collapse:collapse;empty-cells:show}th,td {border:1px solid #009;padding:.25em .5em}th {vertical-align:bottom}td {vertical-align:top}table a {font-weight:bold}.stripe td {background-color: #E6EBF9}.num {text-align:right}.passedodd td {background-color: #3F3}.passedeven td {background-color: #0A0}.skippedodd td {background-color: #DDD}.skippedeven td {background-color: #CCC}.failedodd td,.attn {background-color: #F33}.failedeven td,.stripe .attn {background-color: #D00}.stacktrace {white-space:pre;font-family:monospace}.totop {font-size:85%;text-align:center;border-bottom:2px solid #000}.invisible {display:none}</style>
</head>
<body>
<table>
<tr><th>Test</th><th># Passed</th><th># Skipped</th><th># Retried</th><th># Failed</th><th>Time (ms)</th><th>Included Groups</th><th>Excluded Groups</th></tr>
<tr><th colspan="8">Biolab Application Site Admin Test Suite</th></tr>
<tr><td><a href="#t0">Site Admin Sanity Test</a></td><td class="num">13</td><td class="num">0</td><td class="num">0</td><td class="num">0</td><td class="num">318,760</td><td></td><td></td></tr>
<tr><th colspan="8">Biolab Application Main Suite</th></tr>
<tr><th colspan="8">Biolab Application Sponsor Admin Test Suite2</th></tr>
<tr class="stripe"><td><a href="#t1">Sponsor Admin Sanity Test2</a></td><td class="num">0</td><td class="num attn">1</td><td class="num">0</td><td class="num">0</td><td class="num">101</td><td></td><td></td></tr>
<tr><th colspan="8">Biolab Application Sponsor Admin Test Suite3</th></tr>
<tr><td><a href="#t2">Sponsor Admin Sanity Test3</a></td><td class="num">0</td><td class="num attn">1</td><td class="num">0</td><td class="num">0</td><td class="num">17</td><td></td><td></td></tr>
<tr><th colspan="8">Biolab Application Sponsor Admin Test Suite</th></tr>
<tr class="stripe"><td><a href="#t3">Sponsor Admin Sanity Test</a></td><td class="num">11</td><td class="num">0</td><td class="num">0</td><td class="num">0</td><td class="num">151,852</td><td></td><td></td></tr>
<tr><th colspan="8">Biolab Application Sponsor Admin Test Suite1</th></tr>
<tr><td><a href="#t4">Sponsor Admin Sanity Test1</a></td><td class="num">1</td><td class="num">0</td><td class="num">0</td><td class="num">0</td><td class="num">49,697</td><td></td><td></td></tr>
<tr><th colspan="8">Biolab Application Resident Admin Test Suite</th></tr>
<tr class="stripe"><td><a href="#t5">Resident Admin Sanity Test</a></td><td class="num">10</td><td class="num">0</td><td class="num">0</td><td class="num">0</td><td class="num">309,191</td><td></td><td></td></tr>
<tr><th>Total</th><th class="num">35</th><th class="num attn">2</th><th class="num">0</th><th class="num">0</th><th class="num">829,618</th><th colspan="2"></th></tr>
</table>
<table id='summary'><thead><tr><th>Class</th><th>Method</th><th>Start</th><th>Time (ms)</th></tr></thead><tbody><tr><th colspan="4">Biolab Application Site Admin Test Suite</th></tr></tbody><tbody id="t0"><tr><th colspan="4">Site Admin Sanity Test &#8212; passed</th></tr><tr class="passedeven"><td rowspan="13">MainClass.SiteRegressionTest</td><td><a href="#m0">Add_Edit_Delete_Resident_Admin_Test</a></td><td rowspan="1">1647852448262</td><td rowspan="1">37657</td></tr><tr class="passedeven"><td><a href="#m1">Add_edit_Delete_Test</a></td><td rowspan="1">1647852411603</td><td rowspan="1">36655</td></tr><tr class="passedeven"><td><a href="#m2">Company_Growth_Test</a></td><td rowspan="1">1647852548264</td><td rowspan="1">7916</td></tr><tr class="passedeven"><td><a href="#m3">Configuration_Test</a></td><td rowspan="1">1647852601786</td><td rowspan="1">37792</td></tr><tr class="passedeven"><td><a href="#m4">Invoicing_Test</a></td><td rowspan="1">1647852556182</td><td rowspan="1">45601</td></tr><tr class="passedeven"><td><a href="#m5">Onboarding_Information_tab_Test</a></td><td rowspan="1">1647852520396</td><td rowspan="1">27864</td></tr><tr class="passedeven"><td><a href="#m6">Profile_Test</a></td><td rowspan="1">1647852651023</td><td rowspan="1">18753</td></tr><tr class="passedeven"><td><a href="#m7">VISIT_WEBSITE_Test</a></td><td rowspan="1">1647852500398</td><td rowspan="1">19996</td></tr><tr class="passedeven"><td><a href="#m8">defaultsite_and_selectedsite</a></td><td rowspan="1">1647852386056</td><td rowspan="1">25545</td></tr><tr class="passedeven"><td><a href="#m9">filterCompanys</a></td><td rowspan="1">1647852376172</td><td rowspan="1">9881</td></tr><tr class="passedeven"><td><a href="#m10">invoicing_Waitlist_Test</a></td><td rowspan="1">1647852639583</td><td rowspan="1">11438</td></tr><tr class="passedeven"><td><a href="#m11">menubaritems_Test</a></td><td rowspan="1">1647852485924</td><td rowspan="1">14472</td></tr><tr class="passedeven"><td><a href="#m12">validateSiteAdminApplications_Test</a></td><td rowspan="1">1647852356890</td><td rowspan="1">19280</td></tr></tbody>
<tbody><tr><th colspan="4">Biolab Application Main Suite</th></tr></tbody><tbody><tr><th colspan="4">Biolab Application Sponsor Admin Test Suite2</th></tr></tbody><tbody id="t1"><tr><th colspan="4">Sponsor Admin Sanity Test2 &#8212; failed (configuration methods)</th></tr><tr class="failedeven"><td rowspan="1">MainClass.SponsorRegressionTest2</td><td><a href="#m13">beforeTest</a></td><td rowspan="1">1647852984632</td><td rowspan="1">95</td></tr><tr><th colspan="4">Sponsor Admin Sanity Test2 &#8212; skipped (configuration methods)</th></tr><tr class="skippedeven"><td rowspan="1">MainClass.SponsorRegressionTest2</td><td><a href="#m14">afterTest</a></td><td rowspan="1">1647852984732</td><td rowspan="1">-1647852984732</td></tr><tr><th colspan="4">Sponsor Admin Sanity Test2 &#8212; skipped</th></tr><tr class="skippedeven"><td rowspan="1">MainClass.SponsorRegressionTest2</td><td><a href="#m15">findAvalablesiteTest</a></td><td rowspan="1">1647852984731</td><td rowspan="1">0</td></tr></tbody>
<tbody><tr><th colspan="4">Biolab Application Sponsor Admin Test Suite3</th></tr></tbody><tbody id="t2"><tr><th colspan="4">Sponsor Admin Sanity Test3 &#8212; failed (configuration methods)</th></tr><tr class="failedeven"><td rowspan="1">MainClass.SponsorRegressionTest3</td><td><a href="#m16">beforeTest</a></td><td rowspan="1">1647852984746</td><td rowspan="1">3</td></tr><tr><th colspan="4">Sponsor Admin Sanity Test3 &#8212; skipped (configuration methods)</th></tr><tr class="skippedeven"><td rowspan="1">MainClass.SponsorRegressionTest3</td><td><a href="#m17">afterTest</a></td><td rowspan="1">1647852984762</td><td rowspan="1">-1647852984762</td></tr><tr><th colspan="4">Sponsor Admin Sanity Test3 &#8212; skipped</th></tr><tr class="skippedeven"><td rowspan="1">MainClass.SponsorRegressionTest3</td><td><a href="#m18">recentjoin_Test</a></td><td rowspan="1">1647852984751</td><td rowspan="1">0</td></tr></tbody>
<tbody><tr><th colspan="4">Biolab Application Sponsor Admin Test Suite</th></tr></tbody><tbody id="t3"><tr><th colspan="4">Sponsor Admin Sanity Test &#8212; passed</th></tr><tr class="passedeven"><td rowspan="11">MainClass.SponsorRegressionTest</td><td><a href="#m19">Search</a></td><td rowspan="1">1647852272627</td><td rowspan="1">14801</td></tr><tr class="passedeven"><td><a href="#m20">bioLabs_global_network</a></td><td rowspan="1">1647852227093</td><td rowspan="1">5044</td></tr><tr class="passedeven"><td><a href="#m21">biolabBysite</a></td><td rowspan="1">1647852160279</td><td rowspan="1">66808</td></tr><tr class="passedeven"><td><a href="#m22">companyGrowth</a></td><td rowspan="1">1647852252825</td><td rowspan="1">12554</td></tr><tr class="passedeven"><td><a href="#m23">companyprofileTest</a></td><td rowspan="1">1647852288079</td><td rowspan="1">4140</td></tr><tr class="passedeven"><td><a href="#m24">locationTab</a></td><td rowspan="1">1647852242432</td><td rowspan="1">10391</td></tr><tr class="passedeven"><td><a href="#m25">mapvisibility</a></td><td rowspan="1">1647852237375</td><td rowspan="1">5055</td></tr><tr class="passedeven"><td><a href="#m26">sponsorsearchTest</a></td><td rowspan="1">1647852265381</td><td rowspan="1">7244</td></tr><tr class="passedeven"><td><a href="#m27">titleVisibility</a></td><td rowspan="1">1647852232139</td><td rowspan="1">5234</td></tr><tr class="passedeven"><td><a href="#m28">verifyCompanyGrowthTest</a></td><td rowspan="1">1647852292221</td><td rowspan="1">9356</td></tr><tr class="passedeven"><td><a href="#m29">visibilityTest</a></td><td rowspan="1">1647852287430</td><td rowspan="1">648</td></tr></tbody>
<tbody><tr><th colspan="4">Biolab Application Sponsor Admin Test Suite1</th></tr></tbody><tbody id="t4"><tr><th colspan="4">Sponsor Admin Sanity Test1 &#8212; passed</th></tr><tr class="passedeven"><td rowspan="1">MainClass.SponsorRegressionTest1</td><td><a href="#m30">recentJoin_Test</a></td><td rowspan="1">1647852307185</td><td rowspan="1">44071</td></tr></tbody>
<tbody><tr><th colspan="4">Biolab Application Resident Admin Test Suite</th></tr></tbody><tbody id="t5"><tr><th colspan="4">Resident Admin Sanity Test &#8212; passed</th></tr><tr class="passedeven"><td rowspan="10">MainClass.ResidentRegressionTest</td><td><a href="#m31">CompanyInformation_Test</a></td><td rowspan="1">1647852675823</td><td rowspan="1">50780</td></tr><tr class="passedeven"><td><a href="#m32">Dashboard_Test</a></td><td rowspan="1">1647852763253</td><td rowspan="1">23018</td></tr><tr class="passedeven"><td><a href="#m33">LearnMore_Test</a></td><td rowspan="1">1647852920943</td><td rowspan="1">54939</td></tr><tr class="passedeven"><td><a href="#m34">ResidentStaff_Test</a></td><td rowspan="1">1647852879108</td><td rowspan="1">29611</td></tr><tr class="passedeven"><td><a href="#m35">change_Test</a></td><td rowspan="1">1647852750992</td><td rowspan="1">12259</td></tr><tr class="passedeven"><td><a href="#m36">invoice_Test</a></td><td rowspan="1">1647852742877</td><td rowspan="1">8114</td></tr><tr class="passedeven"><td><a href="#m37">onboarding_Test</a></td><td rowspan="1">1647852726605</td><td rowspan="1">8150</td></tr><tr class="passedeven"><td><a href="#m38">onboardinginformation_Test</a></td><td rowspan="1">1647852734757</td><td rowspan="1">8118</td></tr><tr class="passedeven"><td><a href="#m39">sitecompanies_Test</a></td><td rowspan="1">1647852908723</td><td rowspan="1">12219</td></tr><tr class="passedeven"><td><a href="#m40">sitemembers_Test</a></td><td rowspan="1">1647852786272</td><td rowspan="1">92833</td></tr></tbody>
</table>
<h2>Site Admin Sanity Test</h2><h3 id="m0">MainClass.SiteRegressionTest#Add_Edit_Delete_Resident_Admin_Test</h3><table class="result"><tr><th class="invisible"/></tr></table><p class="totop"><a href="#summary">back to summary</a></p>
<h3 id="m1">MainClass.SiteRegressionTest#Add_edit_Delete_Test</h3><table class="result"><tr><th class="invisible"/></tr></table><p class="totop"><a href="#summary">back to summary</a></p>
<h3 id="m2">MainClass.SiteRegressionTest#Company_Growth_Test</h3><table class="result"><tr><th class="invisible"/></tr></table><p class="totop"><a href="#summary">back to summary</a></p>
<h3 id="m3">MainClass.SiteRegressionTest#Configuration_Test</h3><table class="result"><tr><th class="invisible"/></tr></table><p class="totop"><a href="#summary">back to summary</a></p>
<h3 id="m4">MainClass.SiteRegressionTest#Invoicing_Test</h3><table class="result"><tr><th class="invisible"/></tr></table><p class="totop"><a href="#summary">back to summary</a></p>
<h3 id="m5">MainClass.SiteRegressionTest#Onboarding_Information_tab_Test</h3><table class="result"><tr><th class="invisible"/></tr></table><p class="totop"><a href="#summary">back to summary</a></p>
<h3 id="m6">MainClass.SiteRegressionTest#Profile_Test</h3><table class="result"><tr><th class="invisible"/></tr></table><p class="totop"><a href="#summary">back to summary</a></p>
<h3 id="m7">MainClass.SiteRegressionTest#VISIT_WEBSITE_Test</h3><table class="result"><tr><th class="invisible"/></tr></table><p class="totop"><a href="#summary">back to summary</a></p>
<h3 id="m8">MainClass.SiteRegressionTest#defaultsite_and_selectedsite</h3><table class="result"><tr><th class="invisible"/></tr></table><p class="totop"><a href="#summary">back to summary</a></p>
<h3 id="m9">MainClass.SiteRegressionTest#filterCompanys</h3><table class="result"><tr><th class="invisible"/></tr></table><p class="totop"><a href="#summary">back to summary</a></p>
<h3 id="m10">MainClass.SiteRegressionTest#invoicing_Waitlist_Test</h3><table class="result"><tr><th class="invisible"/></tr></table><p class="totop"><a href="#summary">back to summary</a></p>
<h3 id="m11">MainClass.SiteRegressionTest#menubaritems_Test</h3><table class="result"><tr><th class="invisible"/></tr></table><p class="totop"><a href="#summary">back to summary</a></p>
<h3 id="m12">MainClass.SiteRegressionTest#validateSiteAdminApplications_Test</h3><table class="result"><tr><th class="invisible"/></tr></table><p class="totop"><a href="#summary">back to summary</a></p>
<h2>Sponsor Admin Sanity Test2</h2><h3 id="m13">MainClass.SponsorRegressionTest2#beforeTest</h3><table class="result"><tr><th>Exception</th></tr><tr><td><div class="stacktrace">org.openqa.selenium.NoSuchSessionException: invalid session id
Build info: version: &apos;3.141.59&apos;, revision: &apos;e82be7d358&apos;, time: &apos;2018-11-14T08:17:03&apos;
System info: host: &apos;SALMANS&apos;, ip: &apos;10.209.0.10&apos;, os.name: &apos;Windows 10&apos;, os.arch: &apos;amd64&apos;, os.version: &apos;10.0&apos;, java.version: &apos;16.0.2&apos;
Driver info: org.openqa.selenium.chrome.ChromeDriver
Capabilities {acceptInsecureCerts: false, browserName: chrome, browserVersion: 99.0.4844.74, chrome: {chromedriverVersion: 99.0.4844.51 (d537ec02474b5..., userDataDir: C:\Users\SALMAN~1.SHA\AppDa...}, goog:chromeOptions: {debuggerAddress: localhost:53370}, javascriptEnabled: true, networkConnectionEnabled: false, pageLoadStrategy: normal, platform: WINDOWS, platformName: WINDOWS, proxy: Proxy(), setWindowRect: true, strictFileInteractability: false, timeouts: {implicit: 0, pageLoad: 300000, script: 30000}, unhandledPromptBehavior: dismiss and notify, webauthn:extension:credBlob: true, webauthn:extension:largeBlob: true, webauthn:virtualAuthenticators: true}
Session ID: d1368b32a8fc06de25d9da9fb1ede1c1
*** Element info: {Using=xpath, value=//input[@formcontrolname=&apos;email&apos;]}
	at org.openqa.selenium.remote.http.W3CHttpResponseCodec.createException(W3CHttpResponseCodec.java:187)
	at org.openqa.selenium.remote.http.W3CHttpResponseCodec.decode(W3CHttpResponseCodec.java:122)
	at org.openqa.selenium.remote.http.W3CHttpResponseCodec.decode(W3CHttpResponseCodec.java:49)
	at org.openqa.selenium.remote.HttpCommandExecutor.execute(HttpCommandExecutor.java:158)
	at org.openqa.selenium.remote.service.DriverCommandExecutor.execute(DriverCommandExecutor.java:83)
	at org.openqa.selenium.remote.RemoteWebDriver.execute(RemoteWebDriver.java:552)
	at org.openqa.selenium.remote.RemoteWebDriver.findElement(RemoteWebDriver.java:323)
	at org.openqa.selenium.remote.RemoteWebDriver.findElementByXPath(RemoteWebDriver.java:428)
	at org.openqa.selenium.By$ByXPath.findElement(By.java:353)
	at org.openqa.selenium.remote.RemoteWebDriver.findElement(RemoteWebDriver.java:315)
	at Login.Login.sponsorLogin(Login.java:24)
	at MainClass.SponsorRegressionTest2.beforeTest(SponsorRegressionTest2.java:21)
... Removed 30 stack frames</div></td></tr></table><p class="totop"><a href="#summary">back to summary</a></p>
<h3 id="m14">MainClass.SponsorRegressionTest2#afterTest</h3><table class="result"><tr><th class="invisible"/></tr></table><p class="totop"><a href="#summary">back to summary</a></p>
<h3 id="m15">MainClass.SponsorRegressionTest2#findAvalablesiteTest</h3><table class="result"><tr><th>Exception</th></tr><tr><td><div class="stacktrace">org.openqa.selenium.NoSuchSessionException: invalid session id
Build info: version: &apos;3.141.59&apos;, revision: &apos;e82be7d358&apos;, time: &apos;2018-11-14T08:17:03&apos;
System info: host: &apos;SALMANS&apos;, ip: &apos;10.209.0.10&apos;, os.name: &apos;Windows 10&apos;, os.arch: &apos;amd64&apos;, os.version: &apos;10.0&apos;, java.version: &apos;16.0.2&apos;
Driver info: org.openqa.selenium.chrome.ChromeDriver
Capabilities {acceptInsecureCerts: false, browserName: chrome, browserVersion: 99.0.4844.74, chrome: {chromedriverVersion: 99.0.4844.51 (d537ec02474b5..., userDataDir: C:\Users\SALMAN~1.SHA\AppDa...}, goog:chromeOptions: {debuggerAddress: localhost:53370}, javascriptEnabled: true, networkConnectionEnabled: false, pageLoadStrategy: normal, platform: WINDOWS, platformName: WINDOWS, proxy: Proxy(), setWindowRect: true, strictFileInteractability: false, timeouts: {implicit: 0, pageLoad: 300000, script: 30000}, unhandledPromptBehavior: dismiss and notify, webauthn:extension:credBlob: true, webauthn:extension:largeBlob: true, webauthn:virtualAuthenticators: true}
Session ID: d1368b32a8fc06de25d9da9fb1ede1c1
*** Element info: {Using=xpath, value=//input[@formcontrolname=&apos;email&apos;]}
	at org.openqa.selenium.remote.http.W3CHttpResponseCodec.createException(W3CHttpResponseCodec.java:187)
	at org.openqa.selenium.remote.http.W3CHttpResponseCodec.decode(W3CHttpResponseCodec.java:122)
	at org.openqa.selenium.remote.http.W3CHttpResponseCodec.decode(W3CHttpResponseCodec.java:49)
	at org.openqa.selenium.remote.HttpCommandExecutor.execute(HttpCommandExecutor.java:158)
	at org.openqa.selenium.remote.service.DriverCommandExecutor.execute(DriverCommandExecutor.java:83)
	at org.openqa.selenium.remote.RemoteWebDriver.execute(RemoteWebDriver.java:552)
	at org.openqa.selenium.remote.RemoteWebDriver.findElement(RemoteWebDriver.java:323)
	at org.openqa.selenium.remote.RemoteWebDriver.findElementByXPath(RemoteWebDriver.java:428)
	at org.openqa.selenium.By$ByXPath.findElement(By.java:353)
	at org.openqa.selenium.remote.RemoteWebDriver.findElement(RemoteWebDriver.java:315)
	at Login.Login.sponsorLogin(Login.java:24)
	at MainClass.SponsorRegressionTest2.beforeTest(SponsorRegressionTest2.java:21)
... Removed 30 stack frames</div></td></tr></table><p class="totop"><a href="#summary">back to summary</a></p>
<h2>Sponsor Admin Sanity Test3</h2><h3 id="m16">MainClass.SponsorRegressionTest3#beforeTest</h3><table class="result"><tr><th>Exception</th></tr><tr><td><div class="stacktrace">org.openqa.selenium.NoSuchSessionException: invalid session id
Build info: version: &apos;3.141.59&apos;, revision: &apos;e82be7d358&apos;, time: &apos;2018-11-14T08:17:03&apos;
System info: host: &apos;SALMANS&apos;, ip: &apos;10.209.0.10&apos;, os.name: &apos;Windows 10&apos;, os.arch: &apos;amd64&apos;, os.version: &apos;10.0&apos;, java.version: &apos;16.0.2&apos;
Driver info: org.openqa.selenium.chrome.ChromeDriver
Capabilities {acceptInsecureCerts: false, browserName: chrome, browserVersion: 99.0.4844.74, chrome: {chromedriverVersion: 99.0.4844.51 (d537ec02474b5..., userDataDir: C:\Users\SALMAN~1.SHA\AppDa...}, goog:chromeOptions: {debuggerAddress: localhost:53370}, javascriptEnabled: true, networkConnectionEnabled: false, pageLoadStrategy: normal, platform: WINDOWS, platformName: WINDOWS, proxy: Proxy(), setWindowRect: true, strictFileInteractability: false, timeouts: {implicit: 0, pageLoad: 300000, script: 30000}, unhandledPromptBehavior: dismiss and notify, webauthn:extension:credBlob: true, webauthn:extension:largeBlob: true, webauthn:virtualAuthenticators: true}
Session ID: d1368b32a8fc06de25d9da9fb1ede1c1
*** Element info: {Using=xpath, value=//input[@formcontrolname=&apos;email&apos;]}
	at org.openqa.selenium.remote.http.W3CHttpResponseCodec.createException(W3CHttpResponseCodec.java:187)
	at org.openqa.selenium.remote.http.W3CHttpResponseCodec.decode(W3CHttpResponseCodec.java:122)
	at org.openqa.selenium.remote.http.W3CHttpResponseCodec.decode(W3CHttpResponseCodec.java:49)
	at org.openqa.selenium.remote.HttpCommandExecutor.execute(HttpCommandExecutor.java:158)
	at org.openqa.selenium.remote.service.DriverCommandExecutor.execute(DriverCommandExecutor.java:83)
	at org.openqa.selenium.remote.RemoteWebDriver.execute(RemoteWebDriver.java:552)
	at org.openqa.selenium.remote.RemoteWebDriver.findElement(RemoteWebDriver.java:323)
	at org.openqa.selenium.remote.RemoteWebDriver.findElementByXPath(RemoteWebDriver.java:428)
	at org.openqa.selenium.By$ByXPath.findElement(By.java:353)
	at org.openqa.selenium.remote.RemoteWebDriver.findElement(RemoteWebDriver.java:315)
	at Login.Login.sponsorLogin(Login.java:24)
	at MainClass.SponsorRegressionTest3.beforeTest(SponsorRegressionTest3.java:22)
... Removed 30 stack frames</div></td></tr></table><p class="totop"><a href="#summary">back to summary</a></p>
<h3 id="m17">MainClass.SponsorRegressionTest3#afterTest</h3><table class="result"><tr><th class="invisible"/></tr></table><p class="totop"><a href="#summary">back to summary</a></p>
<h3 id="m18">MainClass.SponsorRegressionTest3#recentjoin_Test</h3><table class="result"><tr><th>Exception</th></tr><tr><td><div class="stacktrace">org.openqa.selenium.NoSuchSessionException: invalid session id
Build info: version: &apos;3.141.59&apos;, revision: &apos;e82be7d358&apos;, time: &apos;2018-11-14T08:17:03&apos;
System info: host: &apos;SALMANS&apos;, ip: &apos;10.209.0.10&apos;, os.name: &apos;Windows 10&apos;, os.arch: &apos;amd64&apos;, os.version: &apos;10.0&apos;, java.version: &apos;16.0.2&apos;
Driver info: org.openqa.selenium.chrome.ChromeDriver
Capabilities {acceptInsecureCerts: false, browserName: chrome, browserVersion: 99.0.4844.74, chrome: {chromedriverVersion: 99.0.4844.51 (d537ec02474b5..., userDataDir: C:\Users\SALMAN~1.SHA\AppDa...}, goog:chromeOptions: {debuggerAddress: localhost:53370}, javascriptEnabled: true, networkConnectionEnabled: false, pageLoadStrategy: normal, platform: WINDOWS, platformName: WINDOWS, proxy: Proxy(), setWindowRect: true, strictFileInteractability: false, timeouts: {implicit: 0, pageLoad: 300000, script: 30000}, unhandledPromptBehavior: dismiss and notify, webauthn:extension:credBlob: true, webauthn:extension:largeBlob: true, webauthn:virtualAuthenticators: true}
Session ID: d1368b32a8fc06de25d9da9fb1ede1c1
*** Element info: {Using=xpath, value=//input[@formcontrolname=&apos;email&apos;]}
	at org.openqa.selenium.remote.http.W3CHttpResponseCodec.createException(W3CHttpResponseCodec.java:187)
	at org.openqa.selenium.remote.http.W3CHttpResponseCodec.decode(W3CHttpResponseCodec.java:122)
	at org.openqa.selenium.remote.http.W3CHttpResponseCodec.decode(W3CHttpResponseCodec.java:49)
	at org.openqa.selenium.remote.HttpCommandExecutor.execute(HttpCommandExecutor.java:158)
	at org.openqa.selenium.remote.service.DriverCommandExecutor.execute(DriverCommandExecutor.java:83)
	at org.openqa.selenium.remote.RemoteWebDriver.execute(RemoteWebDriver.java:552)
	at org.openqa.selenium.remote.RemoteWebDriver.findElement(RemoteWebDriver.java:323)
	at org.openqa.selenium.remote.RemoteWebDriver.findElementByXPath(RemoteWebDriver.java:428)
	at org.openqa.selenium.By$ByXPath.findElement(By.java:353)
	at org.openqa.selenium.remote.RemoteWebDriver.findElement(RemoteWebDriver.java:315)
	at Login.Login.sponsorLogin(Login.java:24)
	at MainClass.SponsorRegressionTest3.beforeTest(SponsorRegressionTest3.java:22)
... Removed 30 stack frames</div></td></tr></table><p class="totop"><a href="#summary">back to summary</a></p>
<h2>Sponsor Admin Sanity Test</h2><h3 id="m19">MainClass.SponsorRegressionTest#Search</h3><table class="result"><tr><th class="invisible"/></tr></table><p class="totop"><a href="#summary">back to summary</a></p>
<h3 id="m20">MainClass.SponsorRegressionTest#bioLabs_global_network</h3><table class="result"><tr><th>Messages</th></tr><tr><td><div class="messages">BL_TC_02</div></td></tr></table><p class="totop"><a href="#summary">back to summary</a></p>
<h3 id="m21">MainClass.SponsorRegressionTest#biolabBysite</h3><table class="result"><tr><th>Messages</th></tr><tr><td><div class="messages">BL_TC_02</div></td></tr></table><p class="totop"><a href="#summary">back to summary</a></p>
<h3 id="m22">MainClass.SponsorRegressionTest#companyGrowth</h3><table class="result"><tr><th class="invisible"/></tr></table><p class="totop"><a href="#summary">back to summary</a></p>
<h3 id="m23">MainClass.SponsorRegressionTest#companyprofileTest</h3><table class="result"><tr><th class="invisible"/></tr></table><p class="totop"><a href="#summary">back to summary</a></p>
<h3 id="m24">MainClass.SponsorRegressionTest#locationTab</h3><table class="result"><tr><th>Messages</th></tr><tr><td><div class="messages">BL_TC_07</div></td></tr></table><p class="totop"><a href="#summary">back to summary</a></p>
<h3 id="m25">MainClass.SponsorRegressionTest#mapvisibility</h3><table class="result"><tr><th>Messages</th></tr><tr><td><div class="messages">BL_TC_03</div></td></tr></table><p class="totop"><a href="#summary">back to summary</a></p>
<h3 id="m26">MainClass.SponsorRegressionTest#sponsorsearchTest</h3><table class="result"><tr><th class="invisible"/></tr></table><p class="totop"><a href="#summary">back to summary</a></p>
<h3 id="m27">MainClass.SponsorRegressionTest#titleVisibility</h3><table class="result"><tr><th>Messages</th></tr><tr><td><div class="messages">BL_TC_01</div></td></tr></table><p class="totop"><a href="#summary">back to summary</a></p>
<h3 id="m28">MainClass.SponsorRegressionTest#verifyCompanyGrowthTest</h3><table class="result"><tr><th class="invisible"/></tr></table><p class="totop"><a href="#summary">back to summary</a></p>
<h3 id="m29">MainClass.SponsorRegressionTest#visibilityTest</h3><table class="result"><tr><th class="invisible"/></tr></table><p class="totop"><a href="#summary">back to summary</a></p>
<h2>Sponsor Admin Sanity Test1</h2><h3 id="m30">MainClass.SponsorRegressionTest1#recentJoin_Test</h3><table class="result"><tr><th class="invisible"/></tr></table><p class="totop"><a href="#summary">back to summary</a></p>
<h2>Resident Admin Sanity Test</h2><h3 id="m31">MainClass.ResidentRegressionTest#CompanyInformation_Test</h3><table class="result"><tr><th class="invisible"/></tr></table><p class="totop"><a href="#summary">back to summary</a></p>
<h3 id="m32">MainClass.ResidentRegressionTest#Dashboard_Test</h3><table class="result"><tr><th class="invisible"/></tr></table><p class="totop"><a href="#summary">back to summary</a></p>
<h3 id="m33">MainClass.ResidentRegressionTest#LearnMore_Test</h3><table class="result"><tr><th class="invisible"/></tr></table><p class="totop"><a href="#summary">back to summary</a></p>
<h3 id="m34">MainClass.ResidentRegressionTest#ResidentStaff_Test</h3><table class="result"><tr><th class="invisible"/></tr></table><p class="totop"><a href="#summary">back to summary</a></p>
<h3 id="m35">MainClass.ResidentRegressionTest#change_Test</h3><table class="result"><tr><th class="invisible"/></tr></table><p class="totop"><a href="#summary">back to summary</a></p>
<h3 id="m36">MainClass.ResidentRegressionTest#invoice_Test</h3><table class="result"><tr><th class="invisible"/></tr></table><p class="totop"><a href="#summary">back to summary</a></p>
<h3 id="m37">MainClass.ResidentRegressionTest#onboarding_Test</h3><table class="result"><tr><th class="invisible"/></tr></table><p class="totop"><a href="#summary">back to summary</a></p>
<h3 id="m38">MainClass.ResidentRegressionTest#onboardinginformation_Test</h3><table class="result"><tr><th class="invisible"/></tr></table><p class="totop"><a href="#summary">back to summary</a></p>
<h3 id="m39">MainClass.ResidentRegressionTest#sitecompanies_Test</h3><table class="result"><tr><th class="invisible"/></tr></table><p class="totop"><a href="#summary">back to summary</a></p>
<h3 id="m40">MainClass.ResidentRegressionTest#sitemembers_Test</h3><table class="result"><tr><th class="invisible"/></tr></table><p class="totop"><a href="#summary">back to summary</a></p>
</body>
</html>
