<?xml version="1.0" encoding="UTF-8"?>
<testng-results ignored="0" total="37" passed="35" failed="0" skipped="2">
  <reporter-output>
    <line>
      <![CDATA[BL_TC_02]]>
    </line>
    <line>
      <![CDATA[BL_TC_02]]>
    </line>
    <line>
      <![CDATA[BL_TC_01]]>
    </line>
    <line>
      <![CDATA[BL_TC_03]]>
    </line>
    <line>
      <![CDATA[BL_TC_07]]>
    </line>
  </reporter-output>
  <suite started-at="2022-03-21T14:15:56 IST" name="Biolab Application Site Admin Test Suite" finished-at="2022-03-21T14:21:15 IST" duration-ms="318760">
    <groups>
    </groups>
    <test started-at="2022-03-21T14:15:56 IST" name="Site Admin Sanity Test" finished-at="2022-03-21T14:21:15 IST" duration-ms="318760">
      <class name="MainClass.SiteRegressionTest">
        <test-method is-config="true" signature="beforeTest()[pri:0, instance:MainClass.SiteRegressionTest@68e5eea7]" started-at="2022-03-21T14:15:56 IST" name="beforeTest" finished-at="2022-03-21T14:15:56 IST" duration-ms="231" status="PASS">
          <reporter-output>
          </reporter-output>
        </test-method> <!-- beforeTest -->
        <test-method signature="validateSiteAdminApplications_Test()[pri:0, instance:MainClass.SiteRegressionTest@68e5eea7]" started-at="2022-03-21T14:15:56 IST" name="validateSiteAdminApplications_Test" finished-at="2022-03-21T14:16:16 IST" duration-ms="19280" status="PASS">
          <reporter-output>
          </reporter-output>
        </test-method> <!-- validateSiteAdminApplications_Test -->
        <test-method signature="filterCompanys()[pri:1, instance:MainClass.SiteRegressionTest@68e5eea7]" started-at="2022-03-21T14:16:16 IST" name="filterCompanys" finished-at="2022-03-21T14:16:26 IST" duration-ms="9881" status="PASS">
          <reporter-output>
          </reporter-output>
        </test-method> <!-- filterCompanys -->
        <test-method signature="defaultsite_and_selectedsite()[pri:2, instance:MainClass.SiteRegressionTest@68e5eea7]" started-at="2022-03-21T14:16:26 IST" name="defaultsite_and_selectedsite" finished-at="2022-03-21T14:16:51 IST" duration-ms="25545" status="PASS">
          <reporter-output>
          </reporter-output>
        </test-method> <!-- defaultsite_and_selectedsite -->
        <test-method signature="Add_edit_Delete_Test()[pri:3, instance:MainClass.SiteRegressionTest@68e5eea7]" started-at="2022-03-21T14:16:51 IST" name="Add_edit_Delete_Test" finished-at="2022-03-21T14:17:28 IST" duration-ms="36655" status="PASS">
          <reporter-output>
          </reporter-output>
        </test-method> <!-- Add_edit_Delete_Test -->
        <test-method signature="Add_Edit_Delete_Resident_Admin_Test()[pri:4, instance:MainClass.SiteRegressionTest@68e5eea7]" started-at="2022-03-21T14:17:28 IST" name="Add_Edit_Delete_Resident_Admin_Test" finished-at="2022-03-21T14:18:05 IST" duration-ms="37657" status="PASS">
          <reporter-output>
          </reporter-output>
        </test-method> <!-- Add_Edit_Delete_Resident_Admin_Test -->
        <test-method signature="menubaritems_Test()[pri:5, instance:MainClass.SiteRegressionTest@68e5eea7]" started-at="2022-03-21T14:18:05 IST" name="menubaritems_Test" finished-at="2022-03-21T14:18:20 IST" duration-ms="14472" status="PASS">
          <reporter-output>
          </reporter-output>
        </test-method> <!-- menubaritems_Test -->
        <test-method signature="VISIT_WEBSITE_Test()[pri:6, instance:MainClass.SiteRegressionTest@68e5eea7]" started-at="2022-03-21T14:18:20 IST" name="VISIT_WEBSITE_Test" finished-at="2022-03-21T14:18:40 IST" duration-ms="19996" status="PASS">
          <reporter-output>
          </reporter-output>
        </test-method> <!-- VISIT_WEBSITE_Test -->
        <test-method signature="Onboarding_Information_tab_Test()[pri:7, instance:MainClass.SiteRegressionTest@68e5eea7]" started-at="2022-03-21T14:18:40 IST" name="Onboarding_Information_tab_Test" finished-at="2022-03-21T14:19:08 IST" duration-ms="27864" status="PASS">
          <reporter-output>
          </reporter-output>
        </test-method> <!-- Onboarding_Information_tab_Test -->
        <test-method signature="Company_Growth_Test()[pri:8, instance:MainClass.SiteRegressionTest@68e5eea7]" started-at="2022-03-21T14:19:08 IST" name="Company_Growth_Test" finished-at="2022-03-21T14:19:16 IST" duration-ms="7916" status="PASS">
          <reporter-output>
          </reporter-output>
        </test-method> <!-- Company_Growth_Test -->
        <test-method signature="Invoicing_Test()[pri:9, instance:MainClass.SiteRegressionTest@68e5eea7]" started-at="2022-03-21T14:19:16 IST" name="Invoicing_Test" finished-at="2022-03-21T14:20:01 IST" duration-ms="45601" status="PASS">
          <reporter-output>
          </reporter-output>
        </test-method> <!-- Invoicing_Test -->
        <test-method signature="Configuration_Test()[pri:10, instance:MainClass.SiteRegressionTest@68e5eea7]" started-at="2022-03-21T14:20:01 IST" name="Configuration_Test" finished-at="2022-03-21T14:20:39 IST" duration-ms="37792" status="PASS">
          <reporter-output>
          </reporter-output>
        </test-method> <!-- Configuration_Test -->
        <test-method signature="invoicing_Waitlist_Test()[pri:11, instance:MainClass.SiteRegressionTest@68e5eea7]" started-at="2022-03-21T14:20:39 IST" name="invoicing_Waitlist_Test" finished-at="2022-03-21T14:20:51 IST" duration-ms="11438" status="PASS">
          <reporter-output>
          </reporter-output>
        </test-method> <!-- invoicing_Waitlist_Test -->
        <test-method signature="Profile_Test()[pri:12, instance:MainClass.SiteRegressionTest@68e5eea7]" started-at="2022-03-21T14:20:51 IST" name="Profile_Test" finished-at="2022-03-21T14:21:09 IST" duration-ms="18753" status="PASS">
          <reporter-output>
          </reporter-output>
        </test-method> <!-- Profile_Test -->
        <test-method is-config="true" signature="afterTest()[pri:0, instance:MainClass.SiteRegressionTest@68e5eea7]" started-at="2022-03-21T14:21:09 IST" name="afterTest" finished-at="2022-03-21T14:21:15 IST" duration-ms="5641" status="PASS">
          <reporter-output>
          </reporter-output>
        </test-method> <!-- afterTest -->
      </class> <!-- MainClass.SiteRegressionTest -->
    </test> <!-- Site Admin Sanity Test -->
  </suite> <!-- Biolab Application Site Admin Test Suite -->
  <suite started-at="2022-03-21T14:26:25 IST" name="Biolab Application Main Suite" finished-at="2022-03-21T14:26:25 IST" duration-ms="0">
    <groups>
    </groups>
  </suite> <!-- Biolab Application Main Suite -->
  <suite started-at="2022-03-21T14:26:24 IST" name="Biolab Application Sponsor Admin Test Suite2" finished-at="2022-03-21T14:26:24 IST" duration-ms="101">
    <groups>
    </groups>
    <test started-at="2022-03-21T14:26:24 IST" name="Sponsor Admin Sanity Test2" finished-at="2022-03-21T14:26:24 IST" duration-ms="101">
      <class name="MainClass.SponsorRegressionTest2">
        <test-method is-config="true" signature="beforeTest()[pri:0, instance:MainClass.SponsorRegressionTest2@313b2ea6]" started-at="2022-03-21T14:26:24 IST" name="beforeTest" finished-at="2022-03-21T14:26:24 IST" duration-ms="95" status="FAIL">
          <exception class="org.openqa.selenium.NoSuchSessionException">
            <message>
              <![CDATA[invalid session id
Build info: version: '3.141.59', revision: 'e82be7d358', time: '2018-11-14T08:17:03'
System info: host: 'SALMANS', ip: '10.209.0.10', os.name: 'Windows 10', os.arch: 'amd64', os.version: '10.0', java.version: '16.0.2'
Driver info: org.openqa.selenium.chrome.ChromeDriver
Capabilities {acceptInsecureCerts: false, browserName: chrome, browserVersion: 99.0.4844.74, chrome: {chromedriverVersion: 99.0.4844.51 (d537ec02474b5..., userDataDir: C:\Users\SALMAN~1.SHA\AppDa...}, goog:chromeOptions: {debuggerAddress: localhost:53370}, javascriptEnabled: true, networkConnectionEnabled: false, pageLoadStrategy: normal, platform: WINDOWS, platformName: WINDOWS, proxy: Proxy(), setWindowRect: true, strictFileInteractability: false, timeouts: {implicit: 0, pageLoad: 300000, script: 30000}, unhandledPromptBehavior: dismiss and notify, webauthn:extension:credBlob: true, webauthn:extension:largeBlob: true, webauthn:virtualAuthenticators: true}
Session ID: d1368b32a8fc06de25d9da9fb1ede1c1
*** Element info: {Using=xpath, value=//input[@formcontrolname='email']}]]>
            </message>
            <full-stacktrace>
              <![CDATA[org.openqa.selenium.NoSuchSessionException: invalid session id
Build info: version: '3.141.59', revision: 'e82be7d358', time: '2018-11-14T08:17:03'
System info: host: 'SALMANS', ip: '10.209.0.10', os.name: 'Windows 10', os.arch: 'amd64', os.version: '10.0', java.version: '16.0.2'
Driver info: org.openqa.selenium.chrome.ChromeDriver
Capabilities {acceptInsecureCerts: false, browserName: chrome, browserVersion: 99.0.4844.74, chrome: {chromedriverVersion: 99.0.4844.51 (d537ec02474b5..., userDataDir: C:\Users\SALMAN~1.SHA\AppDa...}, goog:chromeOptions: {debuggerAddress: localhost:53370}, javascriptEnabled: true, networkConnectionEnabled: false, pageLoadStrategy: normal, platform: WINDOWS, platformName: WINDOWS, proxy: Proxy(), setWindowRect: true, strictFileInteractability: false, timeouts: {implicit: 0, pageLoad: 300000, script: 30000}, unhandledPromptBehavior: dismiss and notify, webauthn:extension:credBlob: true, webauthn:extension:largeBlob: true, webauthn:virtualAuthenticators: true}
Session ID: d1368b32a8fc06de25d9da9fb1ede1c1
*** Element info: {Using=xpath, value=//input[@formcontrolname='email']}
at java.base/jdk.internal.reflect.NativeConstructorAccessorImpl.newInstance0(Native Method)
at java.base/jdk.internal.reflect.NativeConstructorAccessorImpl.newInstance(NativeConstructorAccessorImpl.java:78)
at java.base/jdk.internal.reflect.DelegatingConstructorAccessorImpl.newInstance(DelegatingConstructorAccessorImpl.java:45)
at java.base/java.lang.reflect.Constructor.newInstanceWithCaller(Constructor.java:499)
at java.base/java.lang.reflect.Constructor.newInstance(Constructor.java:480)
at org.openqa.selenium.remote.http.W3CHttpResponseCodec.createException(W3CHttpResponseCodec.java:187)
at org.openqa.selenium.remote.http.W3CHttpResponseCodec.decode(W3CHttpResponseCodec.java:122)
at org.openqa.selenium.remote.http.W3CHttpResponseCodec.decode(W3CHttpResponseCodec.java:49)
at org.openqa.selenium.remote.HttpCommandExecutor.execute(HttpCommandExecutor.java:158)
at org.openqa.selenium.remote.service.DriverCommandExecutor.execute(DriverCommandExecutor.java:83)
at org.openqa.selenium.remote.RemoteWebDriver.execute(RemoteWebDriver.java:552)
at org.openqa.selenium.remote.RemoteWebDriver.findElement(RemoteWebDriver.java:323)
at org.openqa.selenium.remote.RemoteWebDriver.findElementByXPath(RemoteWebDriver.java:428)
at org.openqa.selenium.By$ByXPath.findElement(By.java:353)
at org.openqa.selenium.remote.RemoteWebDriver.findElement(RemoteWebDriver.java:315)
at Login.Login.sponsorLogin(Login.java:24)
at MainClass.SponsorRegressionTest2.beforeTest(SponsorRegressionTest2.java:21)
at java.base/jdk.internal.reflect.NativeMethodAccessorImpl.invoke0(Native Method)
at java.base/jdk.internal.reflect.NativeMethodAccessorImpl.invoke(NativeMethodAccessorImpl.java:78)
at java.base/jdk.internal.reflect.DelegatingMethodAccessorImpl.invoke(DelegatingMethodAccessorImpl.java:43)
at java.base/java.lang.reflect.Method.invoke(Method.java:567)
at org.testng.internal.MethodInvocationHelper.invokeMethod(MethodInvocationHelper.java:133)
at org.testng.internal.MethodInvocationHelper.invokeMethodConsideringTimeout(MethodInvocationHelper.java:62)
at org.testng.internal.ConfigInvoker.invokeConfigurationMethod(ConfigInvoker.java:385)
at org.testng.internal.ConfigInvoker.invokeConfigurations(ConfigInvoker.java:321)
at org.testng.TestRunner.invokeTestConfigurations(TestRunner.java:637)
at org.testng.TestRunner.beforeRun(TestRunner.java:627)
at org.testng.TestRunner.run(TestRunner.java:589)
at org.testng.SuiteRunner.runTest(SuiteRunner.java:377)
at org.testng.SuiteRunner.runSequentially(SuiteRunner.java:371)
at org.testng.SuiteRunner.privateRun(SuiteRunner.java:332)
at org.testng.SuiteRunner.run(SuiteRunner.java:276)
at org.testng.SuiteRunnerWorker.runSuite(SuiteRunnerWorker.java:53)
at org.testng.SuiteRunnerWorker.run(SuiteRunnerWorker.java:96)
at org.testng.TestNG.runSuitesSequentially(TestNG.java:1212)
at org.testng.TestNG.runSuitesSequentially(TestNG.java:1207)
at org.testng.TestNG.runSuitesLocally(TestNG.java:1134)
at org.testng.TestNG.runSuites(TestNG.java:1063)
at org.testng.TestNG.run(TestNG.java:1031)
at org.testng.remote.AbstractRemoteTestNG.run(AbstractRemoteTestNG.java:115)
at org.testng.remote.RemoteTestNG.initAndRun(RemoteTestNG.java:251)
at org.testng.remote.RemoteTestNG.main(RemoteTestNG.java:77)
]]>
            </full-stacktrace>
          </exception> <!-- org.openqa.selenium.NoSuchSessionException -->
          <reporter-output>
          </reporter-output>
        </test-method> <!-- beforeTest -->
        <test-method signature="findAvalablesiteTest()[pri:0, instance:MainClass.SponsorRegressionTest2@313b2ea6]" started-at="2022-03-21T14:26:24 IST" name="findAvalablesiteTest" finished-at="2022-03-21T14:26:24 IST" duration-ms="0" status="SKIP">
          <exception class="org.openqa.selenium.NoSuchSessionException">
            <message>
              <![CDATA[invalid session id
Build info: version: '3.141.59', revision: 'e82be7d358', time: '2018-11-14T08:17:03'
System info: host: 'SALMANS', ip: '10.209.0.10', os.name: 'Windows 10', os.arch: 'amd64', os.version: '10.0', java.version: '16.0.2'
Driver info: org.openqa.selenium.chrome.ChromeDriver
Capabilities {acceptInsecureCerts: false, browserName: chrome, browserVersion: 99.0.4844.74, chrome: {chromedriverVersion: 99.0.4844.51 (d537ec02474b5..., userDataDir: C:\Users\SALMAN~1.SHA\AppDa...}, goog:chromeOptions: {debuggerAddress: localhost:53370}, javascriptEnabled: true, networkConnectionEnabled: false, pageLoadStrategy: normal, platform: WINDOWS, platformName: WINDOWS, proxy: Proxy(), setWindowRect: true, strictFileInteractability: false, timeouts: {implicit: 0, pageLoad: 300000, script: 30000}, unhandledPromptBehavior: dismiss and notify, webauthn:extension:credBlob: true, webauthn:extension:largeBlob: true, webauthn:virtualAuthenticators: true}
Session ID: d1368b32a8fc06de25d9da9fb1ede1c1
*** Element info: {Using=xpath, value=//input[@formcontrolname='email']}]]>
            </message>
            <full-stacktrace>
              <![CDATA[org.openqa.selenium.NoSuchSessionException: invalid session id
Build info: version: '3.141.59', revision: 'e82be7d358', time: '2018-11-14T08:17:03'
System info: host: 'SALMANS', ip: '10.209.0.10', os.name: 'Windows 10', os.arch: 'amd64', os.version: '10.0', java.version: '16.0.2'
Driver info: org.openqa.selenium.chrome.ChromeDriver
Capabilities {acceptInsecureCerts: false, browserName: chrome, browserVersion: 99.0.4844.74, chrome: {chromedriverVersion: 99.0.4844.51 (d537ec02474b5..., userDataDir: C:\Users\SALMAN~1.SHA\AppDa...}, goog:chromeOptions: {debuggerAddress: localhost:53370}, javascriptEnabled: true, networkConnectionEnabled: false, pageLoadStrategy: normal, platform: WINDOWS, platformName: WINDOWS, proxy: Proxy(), setWindowRect: true, strictFileInteractability: false, timeouts: {implicit: 0, pageLoad: 300000, script: 30000}, unhandledPromptBehavior: dismiss and notify, webauthn:extension:credBlob: true, webauthn:extension:largeBlob: true, webauthn:virtualAuthenticators: true}
Session ID: d1368b32a8fc06de25d9da9fb1ede1c1
*** Element info: {Using=xpath, value=//input[@formcontrolname='email']}
at java.base/jdk.internal.reflect.NativeConstructorAccessorImpl.newInstance0(Native Method)
at java.base/jdk.internal.reflect.NativeConstructorAccessorImpl.newInstance(NativeConstructorAccessorImpl.java:78)
at java.base/jdk.internal.reflect.DelegatingConstructorAccessorImpl.newInstance(DelegatingConstructorAccessorImpl.java:45)
at java.base/java.lang.reflect.Constructor.newInstanceWithCaller(Constructor.java:499)
at java.base/java.lang.reflect.Constructor.newInstance(Constructor.java:480)
at org.openqa.selenium.remote.http.W3CHttpResponseCodec.createException(W3CHttpResponseCodec.java:187)
at org.openqa.selenium.remote.http.W3CHttpResponseCodec.decode(W3CHttpResponseCodec.java:122)
at org.openqa.selenium.remote.http.W3CHttpResponseCodec.decode(W3CHttpResponseCodec.java:49)
at org.openqa.selenium.remote.HttpCommandExecutor.execute(HttpCommandExecutor.java:158)
at org.openqa.selenium.remote.service.DriverCommandExecutor.execute(DriverCommandExecutor.java:83)
at org.openqa.selenium.remote.RemoteWebDriver.execute(RemoteWebDriver.java:552)
at org.openqa.selenium.remote.RemoteWebDriver.findElement(RemoteWebDriver.java:323)
at org.openqa.selenium.remote.RemoteWebDriver.findElementByXPath(RemoteWebDriver.java:428)
at org.openqa.selenium.By$ByXPath.findElement(By.java:353)
at org.openqa.selenium.remote.RemoteWebDriver.findElement(RemoteWebDriver.java:315)
at Login.Login.sponsorLogin(Login.java:24)
at MainClass.SponsorRegressionTest2.beforeTest(SponsorRegressionTest2.java:21)
at java.base/jdk.internal.reflect.NativeMethodAccessorImpl.invoke0(Native Method)
at java.base/jdk.internal.reflect.NativeMethodAccessorImpl.invoke(NativeMethodAccessorImpl.java:78)
at java.base/jdk.internal.reflect.DelegatingMethodAccessorImpl.invoke(DelegatingMethodAccessorImpl.java:43)
at java.base/java.lang.reflect.Method.invoke(Method.java:567)
at org.testng.internal.MethodInvocationHelper.invokeMethod(MethodInvocationHelper.java:133)
at org.testng.internal.MethodInvocationHelper.invokeMethodConsideringTimeout(MethodInvocationHelper.java:62)
at org.testng.internal.ConfigInvoker.invokeConfigurationMethod(ConfigInvoker.java:385)
at org.testng.internal.ConfigInvoker.invokeConfigurations(ConfigInvoker.java:321)
at org.testng.TestRunner.invokeTestConfigurations(TestRunner.java:637)
at org.testng.TestRunner.beforeRun(TestRunner.java:627)
at org.testng.TestRunner.run(TestRunner.java:589)
at org.testng.SuiteRunner.runTest(SuiteRunner.java:377)
at org.testng.SuiteRunner.runSequentially(SuiteRunner.java:371)
at org.testng.SuiteRunner.privateRun(SuiteRunner.java:332)
at org.testng.SuiteRunner.run(SuiteRunner.java:276)
at org.testng.SuiteRunnerWorker.runSuite(SuiteRunnerWorker.java:53)
at org.testng.SuiteRunnerWorker.run(SuiteRunnerWorker.java:96)
at org.testng.TestNG.runSuitesSequentially(TestNG.java:1212)
at org.testng.TestNG.runSuitesSequentially(TestNG.java:1207)
at org.testng.TestNG.runSuitesLocally(TestNG.java:1134)
at org.testng.TestNG.runSuites(TestNG.java:1063)
at org.testng.TestNG.run(TestNG.java:1031)
at org.testng.remote.AbstractRemoteTestNG.run(AbstractRemoteTestNG.java:115)
at org.testng.remote.RemoteTestNG.initAndRun(RemoteTestNG.java:251)
at org.testng.remote.RemoteTestNG.main(RemoteTestNG.java:77)
]]>
            </full-stacktrace>
          </exception> <!-- org.openqa.selenium.NoSuchSessionException -->
          <reporter-output>
          </reporter-output>
        </test-method> <!-- findAvalablesiteTest -->
        <test-method is-config="true" signature="afterTest()[pri:0, instance:MainClass.SponsorRegressionTest2@313b2ea6]" started-at="2022-03-21T14:26:24 IST" name="afterTest" finished-at="1970-01-01T05:30:00 IST" duration-ms="-1647852984732" status="SKIP">
          <reporter-output>
          </reporter-output>
        </test-method> <!-- afterTest -->
      </class> <!-- MainClass.SponsorRegressionTest2 -->
    </test> <!-- Sponsor Admin Sanity Test2 -->
  </suite> <!-- Biolab Application Sponsor Admin Test Suite2 -->
  <suite started-at="2022-03-21T14:26:24 IST" name="Biolab Application Sponsor Admin Test Suite3" finished-at="2022-03-21T14:26:24 IST" duration-ms="17">
    <groups>
    </groups>
    <test started-at="2022-03-21T14:26:24 IST" name="Sponsor Admin Sanity Test3" finished-at="2022-03-21T14:26:24 IST" duration-ms="17">
      <class name="MainClass.SponsorRegressionTest3">
        <test-method is-config="true" signature="beforeTest()[pri:0, instance:MainClass.SponsorRegressionTest3@610f7aa]" started-at="2022-03-21T14:26:24 IST" name="beforeTest" finished-at="2022-03-21T14:26:24 IST" duration-ms="3" status="FAIL">
          <exception class="org.openqa.selenium.NoSuchSessionException">
            <message>
              <![CDATA[invalid session id
Build info: version: '3.141.59', revision: 'e82be7d358', time: '2018-11-14T08:17:03'
System info: host: 'SALMANS', ip: '10.209.0.10', os.name: 'Windows 10', os.arch: 'amd64', os.version: '10.0', java.version: '16.0.2'
Driver info: org.openqa.selenium.chrome.ChromeDriver
Capabilities {acceptInsecureCerts: false, browserName: chrome, browserVersion: 99.0.4844.74, chrome: {chromedriverVersion: 99.0.4844.51 (d537ec02474b5..., userDataDir: C:\Users\SALMAN~1.SHA\AppDa...}, goog:chromeOptions: {debuggerAddress: localhost:53370}, javascriptEnabled: true, networkConnectionEnabled: false, pageLoadStrategy: normal, platform: WINDOWS, platformName: WINDOWS, proxy: Proxy(), setWindowRect: true, strictFileInteractability: false, timeouts: {implicit: 0, pageLoad: 300000, script: 30000}, unhandledPromptBehavior: dismiss and notify, webauthn:extension:credBlob: true, webauthn:extension:largeBlob: true, webauthn:virtualAuthenticators: true}
Session ID: d1368b32a8fc06de25d9da9fb1ede1c1
*** Element info: {Using=xpath, value=//input[@formcontrolname='email']}]]>
            </message>
            <full-stacktrace>
              <![CDATA[org.openqa.selenium.NoSuchSessionException: invalid session id
Build info: version: '3.141.59', revision: 'e82be7d358', time: '2018-11-14T08:17:03'
System info: host: 'SALMANS', ip: '10.209.0.10', os.name: 'Windows 10', os.arch: 'amd64', os.version: '10.0', java.version: '16.0.2'
Driver info: org.openqa.selenium.chrome.ChromeDriver
Capabilities {acceptInsecureCerts: false, browserName: chrome, browserVersion: 99.0.4844.74, chrome: {chromedriverVersion: 99.0.4844.51 (d537ec02474b5..., userDataDir: C:\Users\SALMAN~1.SHA\AppDa...}, goog:chromeOptions: {debuggerAddress: localhost:53370}, javascriptEnabled: true, networkConnectionEnabled: false, pageLoadStrategy: normal, platform: WINDOWS, platformName: WINDOWS, proxy: Proxy(), setWindowRect: true, strictFileInteractability: false, timeouts: {implicit: 0, pageLoad: 300000, script: 30000}, unhandledPromptBehavior: dismiss and notify, webauthn:extension:credBlob: true, webauthn:extension:largeBlob: true, webauthn:virtualAuthenticators: true}
Session ID: d1368b32a8fc06de25d9da9fb1ede1c1
*** Element info: {Using=xpath, value=//input[@formcontrolname='email']}
at java.base/jdk.internal.reflect.NativeConstructorAccessorImpl.newInstance0(Native Method)
at java.base/jdk.internal.reflect.NativeConstructorAccessorImpl.newInstance(NativeConstructorAccessorImpl.java:78)
at java.base/jdk.internal.reflect.DelegatingConstructorAccessorImpl.newInstance(DelegatingConstructorAccessorImpl.java:45)
at java.base/java.lang.reflect.Constructor.newInstanceWithCaller(Constructor.java:499)
at java.base/java.lang.reflect.Constructor.newInstance(Constructor.java:480)
at org.openqa.selenium.remote.http.W3CHttpResponseCodec.createException(W3CHttpResponseCodec.java:187)
at org.openqa.selenium.remote.http.W3CHttpResponseCodec.decode(W3CHttpResponseCodec.java:122)
at org.openqa.selenium.remote.http.W3CHttpResponseCodec.decode(W3CHttpResponseCodec.java:49)
at org.openqa.selenium.remote.HttpCommandExecutor.execute(HttpCommandExecutor.java:158)
at org.openqa.selenium.remote.service.DriverCommandExecutor.execute(DriverCommandExecutor.java:83)
at org.openqa.selenium.remote.RemoteWebDriver.execute(RemoteWebDriver.java:552)
at org.openqa.selenium.remote.RemoteWebDriver.findElement(RemoteWebDriver.java:323)
at org.openqa.selenium.remote.RemoteWebDriver.findElementByXPath(RemoteWebDriver.java:428)
at org.openqa.selenium.By$ByXPath.findElement(By.java:353)
at org.openqa.selenium.remote.RemoteWebDriver.findElement(RemoteWebDriver.java:315)
at Login.Login.sponsorLogin(Login.java:24)
at MainClass.SponsorRegressionTest3.beforeTest(SponsorRegressionTest3.java:22)
at java.base/jdk.internal.reflect.NativeMethodAccessorImpl.invoke0(Native Method)
at java.base/jdk.internal.reflect.NativeMethodAccessorImpl.invoke(NativeMethodAccessorImpl.java:78)
at java.base/jdk.internal.reflect.DelegatingMethodAccessorImpl.invoke(DelegatingMethodAccessorImpl.java:43)
at java.base/java.lang.reflect.Method.invoke(Method.java:567)
at org.testng.internal.MethodInvocationHelper.invokeMethod(MethodInvocationHelper.java:133)
at org.testng.internal.MethodInvocationHelper.invokeMethodConsideringTimeout(MethodInvocationHelper.java:62)
at org.testng.internal.ConfigInvoker.invokeConfigurationMethod(ConfigInvoker.java:385)
at org.testng.internal.ConfigInvoker.invokeConfigurations(ConfigInvoker.java:321)
at org.testng.TestRunner.invokeTestConfigurations(TestRunner.java:637)
at org.testng.TestRunner.beforeRun(TestRunner.java:627)
at org.testng.TestRunner.run(TestRunner.java:589)
at org.testng.SuiteRunner.runTest(SuiteRunner.java:377)
at org.testng.SuiteRunner.runSequentially(SuiteRunner.java:371)
at org.testng.SuiteRunner.privateRun(SuiteRunner.java:332)
at org.testng.SuiteRunner.run(SuiteRunner.java:276)
at org.testng.SuiteRunnerWorker.runSuite(SuiteRunnerWorker.java:53)
at org.testng.SuiteRunnerWorker.run(SuiteRunnerWorker.java:96)
at org.testng.TestNG.runSuitesSequentially(TestNG.java:1212)
at org.testng.TestNG.runSuitesSequentially(TestNG.java:1207)
at org.testng.TestNG.runSuitesLocally(TestNG.java:1134)
at org.testng.TestNG.runSuites(TestNG.java:1063)
at org.testng.TestNG.run(TestNG.java:1031)
at org.testng.remote.AbstractRemoteTestNG.run(AbstractRemoteTestNG.java:115)
at org.testng.remote.RemoteTestNG.initAndRun(RemoteTestNG.java:251)
at org.testng.remote.RemoteTestNG.main(RemoteTestNG.java:77)
]]>
            </full-stacktrace>
          </exception> <!-- org.openqa.selenium.NoSuchSessionException -->
          <reporter-output>
          </reporter-output>
        </test-method> <!-- beforeTest -->
        <test-method signature="recentjoin_Test()[pri:0, instance:MainClass.SponsorRegressionTest3@610f7aa]" started-at="2022-03-21T14:26:24 IST" name="recentjoin_Test" finished-at="2022-03-21T14:26:24 IST" duration-ms="0" status="SKIP">
          <exception class="org.openqa.selenium.NoSuchSessionException">
            <message>
              <![CDATA[invalid session id
Build info: version: '3.141.59', revision: 'e82be7d358', time: '2018-11-14T08:17:03'
System info: host: 'SALMANS', ip: '10.209.0.10', os.name: 'Windows 10', os.arch: 'amd64', os.version: '10.0', java.version: '16.0.2'
Driver info: org.openqa.selenium.chrome.ChromeDriver
Capabilities {acceptInsecureCerts: false, browserName: chrome, browserVersion: 99.0.4844.74, chrome: {chromedriverVersion: 99.0.4844.51 (d537ec02474b5..., userDataDir: C:\Users\SALMAN~1.SHA\AppDa...}, goog:chromeOptions: {debuggerAddress: localhost:53370}, javascriptEnabled: true, networkConnectionEnabled: false, pageLoadStrategy: normal, platform: WINDOWS, platformName: WINDOWS, proxy: Proxy(), setWindowRect: true, strictFileInteractability: false, timeouts: {implicit: 0, pageLoad: 300000, script: 30000}, unhandledPromptBehavior: dismiss and notify, webauthn:extension:credBlob: true, webauthn:extension:largeBlob: true, webauthn:virtualAuthenticators: true}
Session ID: d1368b32a8fc06de25d9da9fb1ede1c1
*** Element info: {Using=xpath, value=//input[@formcontrolname='email']}]]>
            </message>
            <full-stacktrace>
              <![CDATA[org.openqa.selenium.NoSuchSessionException: invalid session id
Build info: version: '3.141.59', revision: 'e82be7d358', time: '2018-11-14T08:17:03'
System info: host: 'SALMANS', ip: '10.209.0.10', os.name: 'Windows 10', os.arch: 'amd64', os.version: '10.0', java.version: '16.0.2'
Driver info: org.openqa.selenium.chrome.ChromeDriver
Capabilities {acceptInsecureCerts: false, browserName: chrome, browserVersion: 99.0.4844.74, chrome: {chromedriverVersion: 99.0.4844.51 (d537ec02474b5..., userDataDir: C:\Users\SALMAN~1.SHA\AppDa...}, goog:chromeOptions: {debuggerAddress: localhost:53370}, javascriptEnabled: true, networkConnectionEnabled: false, pageLoadStrategy: normal, platform: WINDOWS, platformName: WINDOWS, proxy: Proxy(), setWindowRect: true, strictFileInteractability: false, timeouts: {implicit: 0, pageLoad: 300000, script: 30000}, unhandledPromptBehavior: dismiss and notify, webauthn:extension:credBlob: true, webauthn:extension:largeBlob: true, webauthn:virtualAuthenticators: true}
Session ID: d1368b32a8fc06de25d9da9fb1ede1c1
*** Element info: {Using=xpath, value=//input[@formcontrolname='email']}
at java.base/jdk.internal.reflect.NativeConstructorAccessorImpl.newInstance0(Native Method)
at java.base/jdk.internal.reflect.NativeConstructorAccessorImpl.newInstance(NativeConstructorAccessorImpl.java:78)
at java.base/jdk.internal.reflect.DelegatingConstructorAccessorImpl.newInstance(DelegatingConstructorAccessorImpl.java:45)
at java.base/java.lang.reflect.Constructor.newInstanceWithCaller(Constructor.java:499)
at java.base/java.lang.reflect.Constructor.newInstance(Constructor.java:480)
at org.openqa.selenium.remote.http.W3CHttpResponseCodec.createException(W3CHttpResponseCodec.java:187)
at org.openqa.selenium.remote.http.W3CHttpResponseCodec.decode(W3CHttpResponseCodec.java:122)
at org.openqa.selenium.remote.http.W3CHttpResponseCodec.decode(W3CHttpResponseCodec.java:49)
at org.openqa.selenium.remote.HttpCommandExecutor.execute(HttpCommandExecutor.java:158)
at org.openqa.selenium.remote.service.DriverCommandExecutor.execute(DriverCommandExecutor.java:83)
at org.openqa.selenium.remote.RemoteWebDriver.execute(RemoteWebDriver.java:552)
at org.openqa.selenium.remote.RemoteWebDriver.findElement(RemoteWebDriver.java:323)
at org.openqa.selenium.remote.RemoteWebDriver.findElementByXPath(RemoteWebDriver.java:428)
at org.openqa.selenium.By$ByXPath.findElement(By.java:353)
at org.openqa.selenium.remote.RemoteWebDriver.findElement(RemoteWebDriver.java:315)
at Login.Login.sponsorLogin(Login.java:24)
at MainClass.SponsorRegressionTest3.beforeTest(SponsorRegressionTest3.java:22)
at java.base/jdk.internal.reflect.NativeMethodAccessorImpl.invoke0(Native Method)
at java.base/jdk.internal.reflect.NativeMethodAccessorImpl.invoke(NativeMethodAccessorImpl.java:78)
at java.base/jdk.internal.reflect.DelegatingMethodAccessorImpl.invoke(DelegatingMethodAccessorImpl.java:43)
at java.base/java.lang.reflect.Method.invoke(Method.java:567)
at org.testng.internal.MethodInvocationHelper.invokeMethod(MethodInvocationHelper.java:133)
at org.testng.internal.MethodInvocationHelper.invokeMethodConsideringTimeout(MethodInvocationHelper.java:62)
at org.testng.internal.ConfigInvoker.invokeConfigurationMethod(ConfigInvoker.java:385)
at org.testng.internal.ConfigInvoker.invokeConfigurations(ConfigInvoker.java:321)
at org.testng.TestRunner.invokeTestConfigurations(TestRunner.java:637)
at org.testng.TestRunner.beforeRun(TestRunner.java:627)
at org.testng.TestRunner.run(TestRunner.java:589)
at org.testng.SuiteRunner.runTest(SuiteRunner.java:377)
at org.testng.SuiteRunner.runSequentially(SuiteRunner.java:371)
at org.testng.SuiteRunner.privateRun(SuiteRunner.java:332)
at org.testng.SuiteRunner.run(SuiteRunner.java:276)
at org.testng.SuiteRunnerWorker.runSuite(SuiteRunnerWorker.java:53)
at org.testng.SuiteRunnerWorker.run(SuiteRunnerWorker.java:96)
at org.testng.TestNG.runSuitesSequentially(TestNG.java:1212)
at org.testng.TestNG.runSuitesSequentially(TestNG.java:1207)
at org.testng.TestNG.runSuitesLocally(TestNG.java:1134)
at org.testng.TestNG.runSuites(TestNG.java:1063)
at org.testng.TestNG.run(TestNG.java:1031)
at org.testng.remote.AbstractRemoteTestNG.run(AbstractRemoteTestNG.java:115)
at org.testng.remote.RemoteTestNG.initAndRun(RemoteTestNG.java:251)
at org.testng.remote.RemoteTestNG.main(RemoteTestNG.java:77)
]]>
            </full-stacktrace>
          </exception> <!-- org.openqa.selenium.NoSuchSessionException -->
          <reporter-output>
          </reporter-output>
        </test-method> <!-- recentjoin_Test -->
        <test-method is-config="true" signature="afterTest()[pri:0, instance:MainClass.SponsorRegressionTest3@610f7aa]" started-at="2022-03-21T14:26:24 IST" name="afterTest" finished-at="1970-01-01T05:30:00 IST" duration-ms="-1647852984762" status="SKIP">
          <reporter-output>
          </reporter-output>
        </test-method> <!-- afterTest -->
      </class> <!-- MainClass.SponsorRegressionTest3 -->
    </test> <!-- Sponsor Admin Sanity Test3 -->
  </suite> <!-- Biolab Application Sponsor Admin Test Suite3 -->
  <suite started-at="2022-03-21T14:12:35 IST" name="Biolab Application Sponsor Admin Test Suite" finished-at="2022-03-21T14:15:06 IST" duration-ms="151852">
    <groups>
      <group name="test2">
        <method signature="SponsorRegressionTest.bioLabs_global_network()[pri:1, instance:MainClass.SponsorRegressionTest@2362f559]" name="bioLabs_global_network" class="MainClass.SponsorRegressionTest"/>
      </group> <!-- test2 -->
      <group name="test1">
        <method signature="SponsorRegressionTest.biolabBysite()[pri:0, instance:MainClass.SponsorRegressionTest@2362f559]" name="biolabBysite" class="MainClass.SponsorRegressionTest"/>
      </group> <!-- test1 -->
    </groups>
    <test started-at="2022-03-21T14:12:35 IST" name="Sponsor Admin Sanity Test" finished-at="2022-03-21T14:15:06 IST" duration-ms="151852">
      <class name="MainClass.SponsorRegressionTest">
        <test-method is-config="true" signature="afterTest()[pri:0, instance:MainClass.SponsorRegressionTest@2362f559]" started-at="2022-03-21T14:12:35 IST" name="afterTest" finished-at="2022-03-21T14:12:40 IST" duration-ms="5181" status="PASS">
          <reporter-output>
          </reporter-output>
        </test-method> <!-- afterTest -->
        <test-method signature="biolabBysite()[pri:0, instance:MainClass.SponsorRegressionTest@2362f559]" started-at="2022-03-21T14:12:40 IST" name="biolabBysite" finished-at="2022-03-21T14:13:47 IST" duration-ms="66808" status="PASS">
          <reporter-output>
            <line>
              <![CDATA[BL_TC_02]]>
            </line>
          </reporter-output>
        </test-method> <!-- biolabBysite -->
        <test-method signature="bioLabs_global_network()[pri:1, instance:MainClass.SponsorRegressionTest@2362f559]" started-at="2022-03-21T14:13:47 IST" name="bioLabs_global_network" finished-at="2022-03-21T14:13:52 IST" duration-ms="5044" status="PASS">
          <reporter-output>
            <line>
              <![CDATA[BL_TC_02]]>
            </line>
          </reporter-output>
        </test-method> <!-- bioLabs_global_network -->
        <test-method signature="titleVisibility()[pri:2, instance:MainClass.SponsorRegressionTest@2362f559]" started-at="2022-03-21T14:13:52 IST" name="titleVisibility" finished-at="2022-03-21T14:13:57 IST" duration-ms="5234" status="PASS">
          <reporter-output>
            <line>
              <![CDATA[BL_TC_01]]>
            </line>
          </reporter-output>
        </test-method> <!-- titleVisibility -->
        <test-method signature="mapvisibility()[pri:3, instance:MainClass.SponsorRegressionTest@2362f559]" started-at="2022-03-21T14:13:57 IST" name="mapvisibility" finished-at="2022-03-21T14:14:02 IST" duration-ms="5055" status="PASS">
          <reporter-output>
            <line>
              <![CDATA[BL_TC_03]]>
            </line>
          </reporter-output>
        </test-method> <!-- mapvisibility -->
        <test-method signature="locationTab()[pri:4, instance:MainClass.SponsorRegressionTest@2362f559]" started-at="2022-03-21T14:14:02 IST" name="locationTab" finished-at="2022-03-21T14:14:12 IST" duration-ms="10391" status="PASS">
          <reporter-output>
            <line>
              <![CDATA[BL_TC_07]]>
            </line>
          </reporter-output>
        </test-method> <!-- locationTab -->
        <test-method signature="companyGrowth()[pri:6, instance:MainClass.SponsorRegressionTest@2362f559]" started-at="2022-03-21T14:14:12 IST" name="companyGrowth" finished-at="2022-03-21T14:14:25 IST" duration-ms="12554" status="PASS">
          <reporter-output>
          </reporter-output>
        </test-method> <!-- companyGrowth -->
        <test-method signature="sponsorsearchTest()[pri:7, instance:MainClass.SponsorRegressionTest@2362f559]" started-at="2022-03-21T14:14:25 IST" name="sponsorsearchTest" finished-at="2022-03-21T14:14:32 IST" duration-ms="7244" status="PASS">
          <reporter-output>
          </reporter-output>
        </test-method> <!-- sponsorsearchTest -->
        <test-method signature="Search()[pri:8, instance:MainClass.SponsorRegressionTest@2362f559]" started-at="2022-03-21T14:14:32 IST" name="Search" finished-at="2022-03-21T14:14:47 IST" duration-ms="14801" status="PASS">
          <reporter-output>
          </reporter-output>
        </test-method> <!-- Search -->
        <test-method signature="visibilityTest()[pri:9, instance:MainClass.SponsorRegressionTest@2362f559]" started-at="2022-03-21T14:14:47 IST" name="visibilityTest" finished-at="2022-03-21T14:14:48 IST" duration-ms="648" status="PASS">
          <reporter-output>
          </reporter-output>
        </test-method> <!-- visibilityTest -->
        <test-method signature="companyprofileTest()[pri:10, instance:MainClass.SponsorRegressionTest@2362f559]" started-at="2022-03-21T14:14:48 IST" name="companyprofileTest" finished-at="2022-03-21T14:14:52 IST" duration-ms="4140" status="PASS">
          <reporter-output>
          </reporter-output>
        </test-method> <!-- companyprofileTest -->
        <test-method signature="verifyCompanyGrowthTest()[pri:11, instance:MainClass.SponsorRegressionTest@2362f559]" started-at="2022-03-21T14:14:52 IST" name="verifyCompanyGrowthTest" finished-at="2022-03-21T14:15:01 IST" duration-ms="9356" status="PASS">
          <reporter-output>
          </reporter-output>
        </test-method> <!-- verifyCompanyGrowthTest -->
        <test-method is-config="true" signature="closeactivity()[pri:0, instance:MainClass.SponsorRegressionTest@2362f559]" started-at="2022-03-21T14:15:01 IST" name="closeactivity" finished-at="2022-03-21T14:15:06 IST" duration-ms="5349" status="PASS">
          <reporter-output>
          </reporter-output>
        </test-method> <!-- closeactivity -->
      </class> <!-- MainClass.SponsorRegressionTest -->
    </test> <!-- Sponsor Admin Sanity Test -->
  </suite> <!-- Biolab Application Sponsor Admin Test Suite -->
  <suite started-at="2022-03-21T14:15:06 IST" name="Biolab Application Sponsor Admin Test Suite1" finished-at="2022-03-21T14:15:56 IST" duration-ms="49697">
    <groups>
    </groups>
    <test started-at="2022-03-21T14:15:06 IST" name="Sponsor Admin Sanity Test1" finished-at="2022-03-21T14:15:56 IST" duration-ms="49697">
      <class name="MainClass.SponsorRegressionTest1">
        <test-method is-config="true" signature="beforeTest()[pri:0, instance:MainClass.SponsorRegressionTest1@e4487af]" started-at="2022-03-21T14:15:06 IST" name="beforeTest" finished-at="2022-03-21T14:15:07 IST" duration-ms="229" status="PASS">
          <reporter-output>
          </reporter-output>
        </test-method> <!-- beforeTest -->
        <test-method signature="recentJoin_Test()[pri:0, instance:MainClass.SponsorRegressionTest1@e4487af]" started-at="2022-03-21T14:15:07 IST" name="recentJoin_Test" finished-at="2022-03-21T14:15:51 IST" duration-ms="44071" status="PASS">
          <reporter-output>
          </reporter-output>
        </test-method> <!-- recentJoin_Test -->
        <test-method is-config="true" signature="afterTest()[pri:0, instance:MainClass.SponsorRegressionTest1@e4487af]" started-at="2022-03-21T14:15:51 IST" name="afterTest" finished-at="2022-03-21T14:15:56 IST" duration-ms="5394" status="PASS">
          <reporter-output>
          </reporter-output>
        </test-method> <!-- afterTest -->
      </class> <!-- MainClass.SponsorRegressionTest1 -->
    </test> <!-- Sponsor Admin Sanity Test1 -->
  </suite> <!-- Biolab Application Sponsor Admin Test Suite1 -->
  <suite started-at="2022-03-21T14:21:15 IST" name="Biolab Application Resident Admin Test Suite" finished-at="2022-03-21T14:26:24 IST" duration-ms="309191">
    <groups>
    </groups>
    <test started-at="2022-03-21T14:21:15 IST" name="Resident Admin Sanity Test" finished-at="2022-03-21T14:26:24 IST" duration-ms="309191">
      <class name="MainClass.ResidentRegressionTest">
        <test-method is-config="true" signature="beforeTest()[pri:0, instance:MainClass.ResidentRegressionTest@6e509ffa]" started-at="2022-03-21T14:21:15 IST" name="beforeTest" finished-at="2022-03-21T14:21:15 IST" duration-ms="384" status="PASS">
          <reporter-output>
          </reporter-output>
        </test-method> <!-- beforeTest -->
        <test-method signature="CompanyInformation_Test()[pri:0, instance:MainClass.ResidentRegressionTest@6e509ffa]" started-at="2022-03-21T14:21:15 IST" name="CompanyInformation_Test" finished-at="2022-03-21T14:22:06 IST" duration-ms="50780" status="PASS">
          <reporter-output>
          </reporter-output>
        </test-method> <!-- CompanyInformation_Test -->
        <test-method signature="onboarding_Test()[pri:1, instance:MainClass.ResidentRegressionTest@6e509ffa]" started-at="2022-03-21T14:22:06 IST" name="onboarding_Test" finished-at="2022-03-21T14:22:14 IST" duration-ms="8150" status="PASS">
          <reporter-output>
          </reporter-output>
        </test-method> <!-- onboarding_Test -->
        <test-method signature="onboardinginformation_Test()[pri:2, instance:MainClass.ResidentRegressionTest@6e509ffa]" started-at="2022-03-21T14:22:14 IST" name="onboardinginformation_Test" finished-at="2022-03-21T14:22:22 IST" duration-ms="8118" status="PASS">
          <reporter-output>
          </reporter-output>
        </test-method> <!-- onboardinginformation_Test -->
        <test-method signature="invoice_Test()[pri:3, instance:MainClass.ResidentRegressionTest@6e509ffa]" started-at="2022-03-21T14:22:22 IST" name="invoice_Test" finished-at="2022-03-21T14:22:30 IST" duration-ms="8114" status="PASS">
          <reporter-output>
          </reporter-output>
        </test-method> <!-- invoice_Test -->
        <test-method signature="change_Test()[pri:4, instance:MainClass.ResidentRegressionTest@6e509ffa]" started-at="2022-03-21T14:22:30 IST" name="change_Test" finished-at="2022-03-21T14:22:43 IST" duration-ms="12259" status="PASS">
          <reporter-output>
          </reporter-output>
        </test-method> <!-- change_Test -->
        <test-method signature="Dashboard_Test()[pri:5, instance:MainClass.ResidentRegressionTest@6e509ffa]" started-at="2022-03-21T14:22:43 IST" name="Dashboard_Test" finished-at="2022-03-21T14:23:06 IST" duration-ms="23018" status="PASS">
          <reporter-output>
          </reporter-output>
        </test-method> <!-- Dashboard_Test -->
        <test-method signature="sitemembers_Test()[pri:6, instance:MainClass.ResidentRegressionTest@6e509ffa]" started-at="2022-03-21T14:23:06 IST" name="sitemembers_Test" finished-at="2022-03-21T14:24:39 IST" duration-ms="92833" status="PASS">
          <reporter-output>
          </reporter-output>
        </test-method> <!-- sitemembers_Test -->
        <test-method signature="ResidentStaff_Test()[pri:7, instance:MainClass.ResidentRegressionTest@6e509ffa]" started-at="2022-03-21T14:24:39 IST" name="ResidentStaff_Test" finished-at="2022-03-21T14:25:08 IST" duration-ms="29611" status="PASS">
          <reporter-output>
          </reporter-output>
        </test-method> <!-- ResidentStaff_Test -->
        <test-method signature="sitecompanies_Test()[pri:8, instance:MainClass.ResidentRegressionTest@6e509ffa]" started-at="2022-03-21T14:25:08 IST" name="sitecompanies_Test" finished-at="2022-03-21T14:25:20 IST" duration-ms="12219" status="PASS">
          <reporter-output>
          </reporter-output>
        </test-method> <!-- sitecompanies_Test -->
        <test-method signature="LearnMore_Test()[pri:9, instance:MainClass.ResidentRegressionTest@6e509ffa]" started-at="2022-03-21T14:25:20 IST" name="LearnMore_Test" finished-at="2022-03-21T14:26:15 IST" duration-ms="54939" status="PASS">
          <reporter-output>
          </reporter-output>
        </test-method> <!-- LearnMore_Test -->
        <test-method is-config="true" signature="afterTest()[pri:0, instance:MainClass.ResidentRegressionTest@6e509ffa]" started-at="2022-03-21T14:26:15 IST" name="afterTest" finished-at="2022-03-21T14:26:24 IST" duration-ms="8742" status="PASS">
          <reporter-output>
          </reporter-output>
        </test-method> <!-- afterTest -->
      </class> <!-- MainClass.ResidentRegressionTest -->
    </test> <!-- Resident Admin Sanity Test -->
  </suite> <!-- Biolab Application Resident Admin Test Suite -->
</testng-results>
