<?xml version="1.0" encoding="UTF-8"?>
<!-- Generated by org.testng.reporters.JUnitReportReporter -->
<testsuite hostname="SalmanS" failures="0" tests="14" name="MainClass.SiteRegrationTest" time="302.723" errors="1" timestamp="2022-03-16T18:37:47 IST" skipped="0">
  <testcase classname="MainClass.SiteRegrationTest" name="validateSiteAdminApplications_Test" time="19.188"/>
  <system-out/>
  <testcase classname="MainClass.SiteRegrationTest" name="afterTest" time="3.145">
    <error message="element click intercepted: Element &lt;i _ngcontent-dlr-c64=&quot;&quot; id=&quot;logout&quot; title=&quot;Log Out&quot; class=&quot;fas fa-sign-out-alt icons&quot; aria-hidden=&quot;true&quot;&gt;&lt;/i&gt; is not clickable at point (1483, 49). Other element would receive the click: &lt;div role=&quot;alertdialog&quot; aria-live=&quot;polite&quot; class=&quot;ng-tns-c46-15 toast-message ng-star-inserted&quot; aria-label=&quot;User updated successfully.&quot; style=&quot;&quot;&gt;...&lt;/div&gt;
  (Session info: chrome=99.0.4844.51)
Build info: version: &#039;3.141.59&#039;, revision: &#039;e82be7d358&#039;, time: &#039;2018-11-14T08:17:03&#039;
System info: host: &#039;SALMANS&#039;, ip: &#039;172.40.0.65&#039;, os.name: &#039;Windows 10&#039;, os.arch: &#039;amd64&#039;, os.version: &#039;10.0&#039;, java.version: &#039;16.0.2&#039;
Driver info: org.openqa.selenium.chrome.ChromeDriver
Capabilities {acceptInsecureCerts: false, browserName: chrome, browserVersion: 99.0.4844.51, chrome: {chromedriverVersion: 99.0.4844.51 (d537ec02474b5..., userDataDir: C:\Users\SALMAN~1.SHA\AppDa...}, goog:chromeOptions: {debuggerAddress: localhost:62055}, javascriptEnabled: true, networkConnectionEnabled: false, pageLoadStrategy: normal, platform: WINDOWS, platformName: WINDOWS, proxy: Proxy(), setWindowRect: true, strictFileInteractability: false, timeouts: {implicit: 0, pageLoad: 300000, script: 30000}, unhandledPromptBehavior: dismiss and notify, webauthn:extension:credBlob: true, webauthn:extension:largeBlob: true, webauthn:virtualAuthenticators: true}
Session ID: 5115ef335a138a74f07da06eb74785b8" type="org.openqa.selenium.ElementClickInterceptedException">
      <![CDATA[org.openqa.selenium.ElementClickInterceptedException: element click intercepted: Element <i _ngcontent-dlr-c64="" id="logout" title="Log Out" class="fas fa-sign-out-alt icons" aria-hidden="true"></i> is not clickable at point (1483, 49). Other element would receive the click: <div role="alertdialog" aria-live="polite" class="ng-tns-c46-15 toast-message ng-star-inserted" aria-label="User updated successfully." style="">...</div>
  (Session info: chrome=99.0.4844.51)
Build info: version: '3.141.59', revision: 'e82be7d358', time: '2018-11-14T08:17:03'
System info: host: 'SALMANS', ip: '172.40.0.65', os.name: 'Windows 10', os.arch: 'amd64', os.version: '10.0', java.version: '16.0.2'
Driver info: org.openqa.selenium.chrome.ChromeDriver
Capabilities {acceptInsecureCerts: false, browserName: chrome, browserVersion: 99.0.4844.51, chrome: {chromedriverVersion: 99.0.4844.51 (d537ec02474b5..., userDataDir: C:\Users\SALMAN~1.SHA\AppDa...}, goog:chromeOptions: {debuggerAddress: localhost:62055}, javascriptEnabled: true, networkConnectionEnabled: false, pageLoadStrategy: normal, platform: WINDOWS, platformName: WINDOWS, proxy: Proxy(), setWindowRect: true, strictFileInteractability: false, timeouts: {implicit: 0, pageLoad: 300000, script: 30000}, unhandledPromptBehavior: dismiss and notify, webauthn:extension:credBlob: true, webauthn:extension:largeBlob: true, webauthn:virtualAuthenticators: true}
Session ID: 5115ef335a138a74f07da06eb74785b8
at java.base/jdk.internal.reflect.NativeConstructorAccessorImpl.newInstance0(Native Method)
at java.base/jdk.internal.reflect.NativeConstructorAccessorImpl.newInstance(NativeConstructorAccessorImpl.java:78)
at java.base/jdk.internal.reflect.DelegatingConstructorAccessorImpl.newInstance(DelegatingConstructorAccessorImpl.java:45)
at java.base/java.lang.reflect.Constructor.newInstanceWithCaller(Constructor.java:499)
at java.base/java.lang.reflect.Constructor.newInstance(Constructor.java:480)
at org.openqa.selenium.remote.http.W3CHttpResponseCodec.createException(W3CHttpResponseCodec.java:187)
at org.openqa.selenium.remote.http.W3CHttpResponseCodec.decode(W3CHttpResponseCodec.java:122)
at org.openqa.selenium.remote.http.W3CHttpResponseCodec.decode(W3CHttpResponseCodec.java:49)
at org.openqa.selenium.remote.HttpCommandExecutor.execute(HttpCommandExecutor.java:158)
at org.openqa.selenium.remote.service.DriverCommandExecutor.execute(DriverCommandExecutor.java:83)
at org.openqa.selenium.remote.RemoteWebDriver.execute(RemoteWebDriver.java:552)
at org.openqa.selenium.remote.RemoteWebElement.execute(RemoteWebElement.java:285)
at org.openqa.selenium.remote.RemoteWebElement.click(RemoteWebElement.java:84)
at LogoutAndClose.Logout.logoutApplication(Logout.java:10)
at MainClass.SiteRegrationTest.afterTest(SiteRegrationTest.java:112)
at java.base/jdk.internal.reflect.NativeMethodAccessorImpl.invoke0(Native Method)
at java.base/jdk.internal.reflect.NativeMethodAccessorImpl.invoke(NativeMethodAccessorImpl.java:78)
at java.base/jdk.internal.reflect.DelegatingMethodAccessorImpl.invoke(DelegatingMethodAccessorImpl.java:43)
at java.base/java.lang.reflect.Method.invoke(Method.java:567)
at org.testng.internal.MethodInvocationHelper.invokeMethod(MethodInvocationHelper.java:133)
at org.testng.internal.MethodInvocationHelper.invokeMethodConsideringTimeout(MethodInvocationHelper.java:62)
at org.testng.internal.ConfigInvoker.invokeConfigurationMethod(ConfigInvoker.java:385)
at org.testng.internal.ConfigInvoker.invokeConfigurations(ConfigInvoker.java:321)
at org.testng.TestRunner.invokeTestConfigurations(TestRunner.java:637)
at org.testng.TestRunner.afterRun(TestRunner.java:877)
at org.testng.TestRunner.run(TestRunner.java:599)
at org.testng.SuiteRunner.runTest(SuiteRunner.java:377)
at org.testng.SuiteRunner.runSequentially(SuiteRunner.java:371)
at org.testng.SuiteRunner.privateRun(SuiteRunner.java:332)
at org.testng.SuiteRunner.run(SuiteRunner.java:276)
at org.testng.SuiteRunnerWorker.runSuite(SuiteRunnerWorker.java:53)
at org.testng.SuiteRunnerWorker.run(SuiteRunnerWorker.java:96)
at org.testng.TestNG.runSuitesSequentially(TestNG.java:1212)
at org.testng.TestNG.runSuitesLocally(TestNG.java:1134)
at org.testng.TestNG.runSuites(TestNG.java:1063)
at org.testng.TestNG.run(TestNG.java:1031)
at org.testng.remote.AbstractRemoteTestNG.run(AbstractRemoteTestNG.java:115)
at org.testng.remote.RemoteTestNG.initAndRun(RemoteTestNG.java:251)
at org.testng.remote.RemoteTestNG.main(RemoteTestNG.java:77)
]]>
    </error>
  </testcase> <!-- afterTest -->
  <system-out/>
  <testcase classname="MainClass.SiteRegrationTest" name="filterCompanys" time="10.000"/>
  <system-out/>
  <testcase classname="MainClass.SiteRegrationTest" name="defaultsite_and_selectedsite" time="23.856"/>
  <system-out/>
  <testcase classname="MainClass.SiteRegrationTest" name="Add_edit_Delete_Test" time="35.789"/>
  <system-out/>
  <testcase classname="MainClass.SiteRegrationTest" name="Add_Edit_Delete_Resident_Admin_Test" time="37.277"/>
  <system-out/>
  <testcase classname="MainClass.SiteRegrationTest" name="menubaritems_Test" time="14.430"/>
  <system-out/>
  <testcase classname="MainClass.SiteRegrationTest" name="VISIT_WEBSITE_Test" time="10.598"/>
  <system-out/>
  <testcase classname="MainClass.SiteRegrationTest" name="Onboarding_Information_tab_Test" time="27.812"/>
  <system-out/>
  <testcase classname="MainClass.SiteRegrationTest" name="Company_Growth_Test" time="7.863"/>
  <system-out/>
  <testcase classname="MainClass.SiteRegrationTest" name="Invoicing_Test" time="45.317"/>
  <system-out/>
  <testcase classname="MainClass.SiteRegrationTest" name="Configuration_Test" time="37.457"/>
  <system-out/>
  <testcase classname="MainClass.SiteRegrationTest" name="invoicing_Waitlist_Test" time="11.392"/>
  <system-out/>
  <testcase classname="MainClass.SiteRegrationTest" name="Profile_Test" time="18.599"/>
  <system-out/>
</testsuite> <!-- MainClass.SiteRegrationTest -->
